Case #1: [E, A]
Case #2: [R, I, R]
Case #3: [F, D, T]
Case #4: [Z, E, R, A]
Case #5: []
Case #6: [D, E, A, F, D, E, A, R, S]
Case #7: [M, R]
Case #8: [X, E]
Case #9: []
Case #10: []
Case #11: [J, V, K, E, G, C, F, G, Z]
Case #12: [P, X, T, U, J, K, H, P, K, P, B, O, G, I, X, I, B, H, I, I, O, T, X, U, J, J, P, I, P, M, H, I, I, H, P, K, U, K, O, U, U, H, K, P, G, T, B, D]
Case #13: [L, X, Q, Z, N, P]
Case #14: [W, H, I, C, H, S, E, I, T, H, O, U, L, D, I, T, A, A, A, A, A, A, A, A, A, A, A, A, A, A, A, A, A, A, A, A, A, A, A, A, A, A, A, A, A, A, A, A, A, A, A, A, A, A, A, A, A, A, A, A, A, A, K, E]
Case #15: [W]
Case #16: [K, Z, L, C]
Case #17: [A, A, A, A, A, A, A, A, A, A]
Case #18: [F, F]
Case #19: []
Case #20: [M, J, M, A, A]
Case #21: []
Case #22: [S, R, O, H]
Case #23: [Q, B, V, X, O, L]
Case #24: [W]
Case #25: []
Case #26: []
Case #27: []
Case #28: []
Case #29: [Y, T, B, T, K, E, K]
Case #30: [A]
Case #31: [L, J, H, B, W, W, U, K]
Case #32: [N, A, N, A, N, A, N, A, N, A, N, A, N, A, N, A, N, A, N, A, N, A, N, A, N, A, N, A, N, A, N, A, N, A, N, A, N, A, N, A, B, A, T, M, A, N]
Case #33: [V, P]
Case #34: []
Case #35: []
Case #36: [K, B, H, D]
Case #37: [F, Z, F, Y, I, L, B, L, A]
Case #38: [R]
Case #39: [T]
Case #40: [B]
Case #41: []
Case #42: [F]
Case #43: [P]
Case #44: []
Case #45: [T, H, E, C, A, K, E, I, S, A, L, I, E]
Case #46: []
Case #47: [D, N]
Case #48: [V]
Case #49: [O, L, Y, R, P, A, A, I, Y, H, Z, B, H, L, J, U, V, B, O, R, J, N, V, Q, S, K, L, Z, I, Y, B, R, H, T, M, X, D, H, B, O, Q, A, M, X, A, P, G, G, V, B]
Case #50: [Z, Z, Z, Z, Z]
Case #51: [U, S, L, U, R, C, D]
Case #52: []
Case #53: [Z, X, B, X, H, M, U, Q, V, Q]
Case #54: [F, M, F]
Case #55: [H, P]
Case #56: [F, R, I, D, A, Y, F, R, I, D, A, Y, G, O, T, T, A, G, E, T, D, O, W, N, O, N, F, R, I, D, A, Y]
Case #57: [H, P, G, F, X, H, S, I]
Case #58: [E, D]
Case #59: [V, Y, B, V, F, S, W, I, W, F, W, J, K, K, D, L, O, Y, J, E, J, M, H, S, S, D, P, L, M, X, V, U, J, P, U, D, X, H, U, X, V, C, R, Y, Y, F, W, E, E, C]
Case #60: [B, E, R, E, P, R, M, I, H, O, M, T, V, T, L, C, J, C]
Case #61: [H, X]
Case #62: [I, H, U, D]
Case #63: [S]
Case #64: [A]
Case #65: [N, E, R, E, Q, C, Q, Z, Y, J, R, F, R]
Case #66: [Y, L, C, Q, S, V, V, J, D, J, D, H, V, M, R, N, V, H, Z, T, K, N, D, Z, D, Y, Z, R, T, M, H, S, L, R, C, R, Y, R, T, X, P, P, Z, S, P, O, T, J, U]
Case #67: [D, Q]
Case #68: [M, U, U, T, C]
Case #69: [D, R, P, P, S]
Case #70: [A, I, X, H, G, H, D]
Case #71: [X, Q]
Case #72: [Q]
Case #73: [J, H, K, U, N, I, R, H, T, G, B, M, W, G]
Case #74: [Q]
Case #75: [E, D]
Case #76: []
Case #77: []
Case #78: [Z, Z, Z, Z, Z, Z, Z, Z, Z, Z, Z, Z, Z, Z, Z, Z, Z, Z, Z, Z, Z, Z, Z, Z, Z, Z, Z, Z, Z, Z, Z, Z, Z, Z, Z, Z, Z, Z, Z, Z, Z, Z, Z, Z, Z]
Case #79: [Q, Q, W, E, R, G, D, F, S]
Case #80: [B, C, D, N, J]
Case #81: [A, W, A, R, E, N, E, S, S]
Case #82: [F]
Case #83: []
Case #84: [A, X]
Case #85: [M, S, O]
Case #86: [R]
Case #87: [U, V, O, N, S, X, G, K, K, S, L, C, K, R, U]
Case #88: [B, E, S, U, R, E, T, O, D, R, I, N, K, Y, O, U, R, O, V, A, L, T, I, N, E]
Case #89: [Z, Y, B, X, A]
Case #90: [G]
Case #91: [D, V]
Case #92: [F]
Case #93: []
Case #94: [Q, I, M, M, Y, W, Q]
Case #95: [U]
Case #96: [G, R, M, M, R]
Case #97: [M, U, T, W, O, Y, N]
Case #98: [G, V, F, Y, J, C, G, I, I, X, O, W, P, Z, O, J]
Case #99: [F, X]
Case #100: [Z, J, H, P, H, L, M, L, Z, P, O, Y, Z, L, X, P, J, J, X, X, I, N, J, B, Y, J, L, G, M, H, T, Y, J, H, Y, O, X, Y, X, L, U, X, X, I, V, Y]
