F[1][1][1] = 3
F[1][2][1] = 3
F[1][3][1] = 4
F[2][1][1] = 2
F[2][2][1] = 2
F[2][3][1] = 3
F[2][4][1] = 4
F[3][1][1] = 1
F[3][2][1] = 1
F[3][3][1] = 2
F[3][4][1] = 3
F[3][5][1] = 4
F[4][1][1] = 0
F[4][2][1] = 1
F[4][3][1] = 2
F[4][4][1] = 2
F[5][1][1] = 0
F[5][2][1] = 1
F[5][3][1] = 1
F[1][1][2] = 3
F[1][2][2] = 3
F[1][3][2] = 4
F[2][1][2] = 2
F[2][2][2] = 2
F[2][3][2] = 3
F[2][4][2] = 4
F[3][1][2] = 1
F[3][2][2] = 1
F[3][3][2] = 2
F[3][4][2] = 3
F[3][5][2] = 4
F[4][1][2] = 0
F[4][2][2] = 1
F[4][3][2] = 2
F[4][4][2] = 2
F[5][1][2] = 0
F[5][2][2] = 1
F[5][3][2] = 1
F[1][1][3] = 3
F[1][2][3] = 3
F[1][3][3] = 4
F[2][1][3] = 2
F[2][2][3] = 2
F[2][3][3] = 3
F[2][4][3] = 4
F[3][1][3] = 1
F[3][2][3] = 1
F[3][3][3] = 2
F[3][4][3] = 3
F[3][5][3] = 4
F[4][1][3] = 0
F[4][2][3] = 1
F[4][3][3] = 2
F[4][4][3] = 2
F[5][1][3] = 0
F[5][2][3] = 1
F[5][3][3] = 1
F[1][1][4] = 4
F[1][2][4] = 4
F[1][3][4] = 4
F[2][1][4] = 3
F[2][2][4] = 3
F[2][3][4] = 3
F[2][4][4] = 3
F[3][1][4] = 2
F[3][2][4] = 2
F[3][3][4] = 2
F[3][4][4] = 2
F[3][5][4] = 3
F[4][1][4] = 1
F[4][2][4] = 2
F[4][3][4] = 1
F[4][4][4] = 1
F[5][1][4] = 1
F[5][2][4] = 1
F[5][3][4] = 0
F[1][1][5] = 4
F[1][2][5] = 4
F[1][3][5] = 5
F[2][1][5] = 3
F[2][2][5] = 3
F[2][3][5] = 4
F[2][4][5] = 4
F[3][1][5] = 2
F[3][2][5] = 2
F[3][3][5] = 3
F[3][4][5] = 3
F[3][5][5] = 4
F[4][1][5] = 1
F[4][2][5] = 2
F[4][3][5] = 2
F[4][4][5] = 2
F[5][1][5] = 1
F[5][2][5] = 1
F[5][3][5] = 1
F[1][1][6] = 4
F[1][2][6] = 4
F[1][3][6] = 5
F[2][1][6] = 3
F[2][2][6] = 3
F[2][3][6] = 4
F[2][4][6] = 4
F[3][1][6] = 2
F[3][2][6] = 2
F[3][3][6] = 3
F[3][4][6] = 3
F[3][5][6] = 4
F[4][1][6] = 1
F[4][2][6] = 2
F[4][3][6] = 2
F[4][4][6] = 2
F[5][1][6] = 1
F[5][2][6] = 1
F[5][3][6] = 1
F[1][1][7] = 4
F[1][2][7] = 4
F[1][3][7] = 5
F[2][1][7] = 3
F[2][2][7] = 3
F[2][3][7] = 4
F[2][4][7] = 4
F[3][1][7] = 2
F[3][2][7] = 2
F[3][3][7] = 3
F[3][4][7] = 3
F[3][5][7] = 4
F[4][1][7] = 1
F[4][2][7] = 2
F[4][3][7] = 2
F[4][4][7] = 2
F[5][1][7] = 1
F[5][2][7] = 1
F[5][3][7] = 1
F[1][1][8] = 4
F[1][2][8] = 3
F[1][3][8] = 3
F[2][1][8] = 4
F[2][2][8] = 3
F[2][3][8] = 2
F[2][4][8] = 2
F[3][1][8] = 3
F[3][2][8] = 3
F[3][3][8] = 2
F[3][4][8] = 1
F[3][5][8] = 2
F[4][1][8] = 2
F[4][2][8] = 2
F[4][3][8] = 1
F[4][4][8] = 0
F[5][1][8] = 2
F[5][2][8] = 2
F[5][3][8] = 1
F[1][1][9] = 5
F[1][2][9] = 5
F[1][3][9] = 5
F[2][1][9] = 4
F[2][2][9] = 4
F[2][3][9] = 4
F[2][4][9] = 4
F[3][1][9] = 3
F[3][2][9] = 3
F[3][3][9] = 3
F[3][4][9] = 3
F[3][5][9] = 4
F[4][1][9] = 2
F[4][2][9] = 2
F[4][3][9] = 2
F[4][4][9] = 2
F[5][1][9] = 2
F[5][2][9] = 2
F[5][3][9] = 2
F[1][1][10] = 5
F[1][2][10] = 5
F[1][3][10] = 5
F[2][1][10] = 4
F[2][2][10] = 4
F[2][3][10] = 4
F[2][4][10] = 4
F[3][1][10] = 3
F[3][2][10] = 3
F[3][3][10] = 3
F[3][4][10] = 3
F[3][5][10] = 4
F[4][1][10] = 2
F[4][2][10] = 2
F[4][3][10] = 2
F[4][4][10] = 2
F[5][1][10] = 2
F[5][2][10] = 2
F[5][3][10] = 2
F[1][1][11] = 5
F[1][2][11] = 5
F[1][3][11] = 5
F[2][1][11] = 4
F[2][2][11] = 4
F[2][3][11] = 4
F[2][4][11] = 4
F[3][1][11] = 3
F[3][2][11] = 3
F[3][3][11] = 3
F[3][4][11] = 3
F[3][5][11] = 4
F[4][1][11] = 2
F[4][2][11] = 2
F[4][3][11] = 2
F[4][4][11] = 2
F[5][1][11] = 2
F[5][2][11] = 2
F[5][3][11] = 2
F[1][1][12] = 4
F[1][2][12] = 4
F[1][3][12] = 4
F[2][1][12] = 4
F[2][2][12] = 3
F[2][3][12] = 3
F[2][4][12] = 3
F[3][1][12] = 3
F[3][2][12] = 3
F[3][3][12] = 2
F[3][4][12] = 2
F[3][5][12] = 3
F[4][1][12] = 2
F[4][2][12] = 2
F[4][3][12] = 1
F[4][4][12] = 1
F[5][1][12] = 2
F[5][2][12] = 2
F[5][3][12] = 1
F[1][1][13] = 5
F[1][2][13] = 5
F[1][3][13] = 5
F[2][1][13] = 4
F[2][2][13] = 4
F[2][3][13] = 4
F[2][4][13] = 4
F[3][1][13] = 3
F[3][2][13] = 3
F[3][3][13] = 3
F[3][4][13] = 3
F[3][5][13] = 4
F[4][1][13] = 2
F[4][2][13] = 2
F[4][3][13] = 2
F[4][4][13] = 2
F[5][1][13] = 2
F[5][2][13] = 2
F[5][3][13] = 2
F[1][1][14] = 5
F[1][2][14] = 5
F[1][3][14] = 5
F[2][1][14] = 4
F[2][2][14] = 4
F[2][3][14] = 4
F[2][4][14] = 4
F[3][1][14] = 3
F[3][2][14] = 3
F[3][3][14] = 3
F[3][4][14] = 3
F[3][5][14] = 4
F[4][1][14] = 2
F[4][2][14] = 2
F[4][3][14] = 2
F[4][4][14] = 2
F[5][1][14] = 2
F[5][2][14] = 2
F[5][3][14] = 2
F[1][1][15] = 5
F[1][2][15] = 5
F[1][3][15] = 5
F[2][1][15] = 4
F[2][2][15] = 4
F[2][3][15] = 4
F[2][4][15] = 4
F[3][1][15] = 3
F[3][2][15] = 3
F[3][3][15] = 3
F[3][4][15] = 3
F[3][5][15] = 4
F[4][1][15] = 2
F[4][2][15] = 2
F[4][3][15] = 2
F[4][4][15] = 2
F[5][1][15] = 2
F[5][2][15] = 2
F[5][3][15] = 2
You have to buy 2 parcels.
