0 0 00
0 1 0 0
1 0 1 9
0 -1 2 1
-1 0 3 9

0 1 00
0 2 0 0
1 1 1 9
0 0 2 1
-1 1 3 9

1 0 19
2 0 1 9
1 -1 2 9
0 0 3 0
1 1 0 9

0 2 00
0 3 0 0
1 2 1 9
0 1 2 1
-1 2 3 9

1 1 19
2 1 1 9
1 0 2 9
0 1 3 1
1 2 0 0

0 0 21
0 -1 2 0
-1 0 3 9
0 1 0 1
1 0 1 9

2 0 19
3 0 1 9
2 -1 2 9
1 0 3 1
2 1 0 0

0 0 31
-1 0 3 0
0 1 0 9
1 0 1 1
0 -1 2 9

1 1 09
1 2 0 9
2 1 1 9
1 0 2 1
0 1 3 0

0 3 00
0 4 0 0
1 3 1 9
0 2 2 1
-1 3 3 9

1 2 19
2 2 1 0
1 1 2 9
0 2 3 1
1 3 0 9

0 1 21
0 0 2 0
-1 1 3 9
0 2 0 1
1 1 1 9

2 1 19
3 1 1 9
2 0 2 9
1 1 3 1
2 2 0 0

1 0 21
1 -1 2 9
0 0 3 9
1 1 0 0
2 0 1 9

0 1 31
-1 1 3 0
0 2 0 9
1 1 1 1
0 0 2 9

1 2 09
1 3 0 0
2 2 1 9
1 1 2 1
0 2 3 9

1 0 31
0 0 3 9
1 1 0 9
2 0 1 0
1 -1 2 9

2 1 09
2 2 0 9
3 1 1 9
2 0 2 1
1 1 3 0

1 0 11
2 0 1 9
1 -1 2 9
0 0 3 0
1 1 0 9

0 4 00
0 5 0 0
1 4 1 9
0 3 2 1
-1 4 3 9

1 3 19
2 3 1 9
1 2 2 0
0 3 3 1
1 4 0 9

0 2 21
0 1 2 0
-1 2 3 9
0 3 0 1
1 2 1 9

2 2 19
3 2 1 0
2 1 2 9
1 2 3 1
2 3 0 9

1 1 21
1 0 2 9
0 1 3 9
1 2 0 1
2 1 1 0

0 2 31
-1 2 3 0
0 3 0 9
1 2 1 1
0 1 2 9

1 3 09
1 4 0 9
2 3 1 0
1 2 2 1
0 3 3 9

2 0 21
2 -1 2 9
1 0 3 9
2 1 0 1
3 0 1 0

1 1 31
0 1 3 9
1 2 0 9
2 1 1 1
1 0 2 0

2 2 09
2 3 0 0
3 2 1 9
2 1 2 1
1 2 3 9

1 1 00
1 2 0 9
2 1 1 9
1 0 2 1
0 1 3 0

2 0 10
3 0 1 9
2 -1 2 9
1 0 3 1
2 1 0 0

1 1 11
2 1 1 9
1 0 2 9
0 1 3 1
1 2 0 0

0 5 00
0 6 0 0
1 5 1 9
0 4 2 1
-1 5 3 9

1 4 19
2 4 1 9
1 3 2 9
0 4 3 1
1 5 0 9

0 3 21
0 2 2 0
-1 3 3 9
0 4 0 1
1 3 1 9

2 3 19
3 3 1 0
2 2 2 9
1 3 3 1
2 4 0 9

1 2 21
1 1 2 0
0 2 3 9
1 3 0 1
2 2 1 9

0 3 31
-1 3 3 0
0 4 0 9
1 3 1 1
0 2 2 9

1 4 09
1 5 0 9
2 4 1 9
1 3 2 1
0 4 3 9

2 1 21
2 0 2 9
1 1 3 9
2 2 0 1
3 1 1 0

1 2 31
0 2 3 0
1 3 0 9
2 2 1 1
1 1 2 9

2 3 09
2 4 0 0
3 3 1 9
2 2 2 1
1 3 3 9

1 2 01
1 3 0 0
2 2 1 9
1 1 2 1
0 2 3 9

1 2 11
2 2 1 0
1 1 2 9
0 2 3 1
1 3 0 9

2 1 00
2 2 0 9
3 1 1 9
2 0 2 1
1 1 3 0

2 1 11
3 1 1 9
2 0 2 9
1 1 3 1
2 2 0 0

0 1 30
-1 1 3 0
0 2 0 9
1 1 1 1
0 0 2 9

0 6 00
0 7 0 0
1 6 1 9
0 5 2 1
-1 6 3 9

1 5 19
2 5 1 0
1 4 2 9
0 5 3 1
1 6 0 9

0 4 21
0 3 2 0
-1 4 3 9
0 5 0 1
1 4 1 9

2 4 19
3 4 1 0
2 3 2 9
1 4 3 1
2 5 0 9

1 3 21
1 2 2 9
0 3 3 0
1 4 0 1
2 3 1 9

0 4 31
-1 4 3 0
0 5 0 9
1 4 1 1
0 3 2 9

1 5 09
1 6 0 0
2 5 1 9
1 4 2 1
0 5 3 9

2 2 21
2 1 2 0
1 2 3 9
2 3 0 1
3 2 1 9

1 3 31
0 3 3 9
1 4 0 0
2 3 1 1
1 2 2 9

2 4 09
2 5 0 0
3 4 1 9
2 3 2 1
1 4 3 9

0 2 30
-1 2 3 0
0 3 0 9
1 2 1 1
0 1 2 9

1 3 00
1 4 0 9
2 3 1 0
1 2 2 1
0 3 3 9

1 3 11
2 3 1 9
1 2 2 0
0 3 3 1
1 4 0 9

2 2 01
2 3 0 0
3 2 1 9
2 1 2 1
1 2 3 9

2 2 10
3 2 1 0
2 1 2 9
1 2 3 1
2 3 0 9

1 1 20
1 0 2 9
0 1 3 9
1 2 0 1
2 1 1 0

1 1 30
0 1 3 9
1 2 0 9
2 1 1 1
1 0 2 0

0 7 00
0 8 0 9
1 7 1 0
0 6 2 1
-1 7 3 9

1 6 19
2 6 1 0
1 5 2 9
0 6 3 1
9!!!!!
1 7 0 9

0 5 21
0 4 2 0
-1 5 3 9
0 6 0 1
1 5 1 9

2 5 19
3 5 1 0
2 4 2 9
1 5 3 1
2 6 0 9

1 4 21
1 3 2 9
0 4 3 9
1 5 0 1
2 4 1 9

0 5 31
-1 5 3 0
0 6 0 9
1 5 1 1
0 4 2 9

1 6 09
9!!!!!
1 7 0 0
2 6 1 9
1 5 2 1
0 6 3 9

2 3 21
2 2 2 0
1 3 3 9
2 4 0 1
3 3 1 9

1 4 31
0 4 3 9
1 5 0 9
2 4 1 1
1 3 2 9

2 5 09
2 6 0 0
3 5 1 9
2 4 2 1
1 5 3 9

1 4 00
1 5 0 9
2 4 1 9
1 3 2 1
0 4 3 9

1 4 11
2 4 1 9
1 3 2 9
0 4 3 1
1 5 0 9

1 2 30
0 2 3 0
1 3 0 9
2 2 1 1
1 1 2 9

2 3 01
2 4 0 0
3 3 1 9
2 2 2 1
1 3 3 9

2 3 10
3 3 1 0
2 2 2 9
1 3 3 1
2 4 0 9

0 3 30
-1 3 3 0
0 4 0 9
1 3 1 1
0 2 2 9

2 1 10
3 1 1 9
2 0 2 9
1 1 3 1
2 2 0 0

1 0 20
1 -1 2 9
0 0 3 9
1 1 0 0
2 0 1 9

1 7 10
2 7 1 9
1 6 2 0
0 7 3 1
1 8 0 9

0 6 21
0 5 2 0
-1 6 3 9
0 7 0 1
1 6 1 9

2 6 19
3 6 1 0
2 5 2 9
1 6 3 1
2 7 0 9

1 5 21
1 4 2 0
0 5 3 9
1 6 0 1
2 5 1 9

0 6 31
-1 6 3 0
0 7 0 9
1 6 1 1
0 5 2 9

1 7 09
1 8 0 9
2 7 1 0
1 6 2 1
0 7 3 9

2 4 21
2 3 2 0
1 4 3 9
2 5 0 1
3 4 1 9

1 5 31
0 5 3 0
1 6 0 9
2 5 1 1
1 4 2 9

2 6 09
2 7 0 0
3 6 1 9
2 5 2 1
1 6 3 9

1 5 01
1 6 0 0
2 5 1 9
1 4 2 1
0 5 3 9

1 5 11
2 5 1 0
1 4 2 9
0 5 3 1
1 6 0 9

1 3 30
0 3 3 9
1 4 0 0
2 3 1 1
1 2 2 9

2 4 01
2 5 0 0
3 4 1 9
2 3 2 1
1 4 3 9

2 4 11
3 4 1 0
2 3 2 9
1 4 3 1
2 5 0 9

2 2 00
2 3 0 0
3 2 1 9
2 1 2 1
1 2 3 9

2 7 19
3 7 1 9
2 6 2 9
1 7 3 1
2 8 0 9

1 6 20
1 5 2 0
0 6 3 9
1!!!!!
1 7 0 1
2 6 1 9

0 7 31
-1 7 3 9
0 8 0 0
1 7 1 1
0 6 2 9

2 5 21
2 4 2 0
1 5 3 9
2 6 0 1
3 5 1 9

1 6 31
0 6 3 0
0!!!!!
1 7 0 9
2 6 1 1
1 5 2 9

2 7 09
2 8 0 9
3 7 1 9
2 6 2 1
1 7 3 9

0 5 30
-1 5 3 0
0 6 0 9
1 5 1 1
0 4 2 9

1 6 00
0!!!!!
1 7 0 0
2 6 1 9
1 5 2 1
0 6 3 9

1 6 11
2 6 1 0
1 5 2 9
0 6 3 1
9!!!!!
1 7 0 9

1 4 30
0 4 3 9
1 5 0 9
2 4 1 1
1 3 2 9

2 5 01
2 6 0 0
3 5 1 9
2 4 2 1
1 5 3 9

2 5 10
3 5 1 0
2 4 2 9
1 5 3 1
2 6 0 9

1 4 20
1 3 2 9
0 4 3 9
1 5 0 1
2 4 1 9

2 3 20
2 2 2 0
1 3 3 9
2 4 0 1
3 3 1 9

2 3 00
2 4 0 0
3 3 1 9
2 2 2 1
1 3 3 9

2 6 21
2 5 2 0
1 6 3 9
2 7 0 1
3 6 1 9

1 7 31
0 7 3 9
1 8 0 0
2 7 1 1
1 6 2 9

1 5 20
1 4 2 0
0 5 3 9
1 6 0 1
2 5 1 9

1 7 00
1 8 0 9
2 7 1 0
1 6 2 1
0 7 3 9

1 5 30
0 5 3 0
1 6 0 9
2 5 1 1
1 4 2 9

2 6 01
2 7 0 0
3 6 1 9
2 5 2 1
1 6 3 9

2 6 11
3 6 1 0
2 5 2 9
1 6 3 1
2 7 0 9

2 2 20
2 1 2 0
1 2 3 9
2 3 0 1
3 2 1 9

2 4 00
2 5 0 0
3 4 1 9
2 3 2 1
1 4 3 9

1 6 30
0 6 3 0
9!!!!!
1 7 0 9
2 6 1 1
1 5 2 9

2 7 01
2 8 0 9
3 7 1 9
2 6 2 1
1 7 3 9

2 7 10
3 7 1 9
2 6 2 9
1 7 3 1
2 8 0 9

2 5 20
2 4 2 0
1 5 3 9
2 6 0 1
3 5 1 9

2 1 20
2 0 2 9
1 1 3 9
2 2 0 1
3 1 1 0

2 5 00
2 6 0 0
3 5 1 9
2 4 2 1
1 5 3 9

0 6 30
-1 6 3 0
0 7 0 9
1 6 1 1
0 5 2 9

2 4 20
2 3 2 0
1 4 3 9
2 5 0 1
3 4 1 9

2 6 00
2 7 0 0
3 6 1 9
2 5 2 1
1 6 3 9

2 7 00
2 8 0 9
3 7 1 9
2 6 2 1
1 7 3 9

0
0 0 00
0 1 0 8
1 0 1 7
0 -1 2 2
-1 0 3 0

0 1 08
0 2 0 8
1 1 1 7
0 0 2 2
-1 1 3 0

1 0 17
2 0 1 8
1 -1 2 0
0 0 3 2
1 1 0 1

0 2 08
0 3 0 8
1 2 1 7
0 1 2 2
-1 2 3 1

1 1 17
2 1 1 8
1 0 2 7
0 1 3 0
1 2 0 1

0 0 22
0 -1 2 8
-1 0 3 7
0 1 0 2
1 0 1 0

2 0 18
3 0 1 8
2 -1 2 0
1 0 3 2
2 1 0 1

0 0 32
-1 0 3 8
0 1 0 7
1 0 1 2
0 -1 2 0

1 1 01
1 2 0 8
2 1 1 7
1 0 2 0
0 1 3 1

0 3 08
0 4 0 0
1 3 1 7
0 2 2 2
-1 3 3 1

1 2 17
2 2 1 8
1 1 2 7
0 2 3 2
1 3 0 1

0 1 22
0 0 2 8
-1 1 3 7
0 2 0 2
1 1 1 0

2 1 17
3 1 1 8
2 0 2 0
1 1 3 2
2 2 0 1

1 0 22
1 -1 2 8
0 0 3 0
1 1 0 2
2 0 1 1

0 1 30
-1 1 3 8
0 2 0 7
1 1 1 2
0 0 2 0

1 2 01
1 3 0 8
2 2 1 7
1 1 2 2
0 2 3 1

0 1 02
0 2 0 8
1 1 1 7
0 0 2 2
-1 1 3 0

1 0 11
2 0 1 8
1 -1 2 0
0 0 3 2
1 1 0 1

3 0 18
4 0 1 0
3 -1 2 7
2 0 3 2
3 1 0 1

1 0 32
0 0 3 8
1 1 0 0
2 0 1 2
1 -1 2 1

2 1 01
2 2 0 8
3 1 1 0
2 0 2 2
1 1 3 1

1 3 17
2 3 1 8
1 2 2 7
0 3 3 2
1 4 0 1

0 2 22
0 1 2 8
-1 2 3 7
0 3 0 2
1 2 1 1

2 2 17
3 2 1 8
2 1 2 0
1 2 3 2
2 3 0 1

1 1 22
1 0 2 8
0 1 3 7
1 2 0 0
2 1 1 1

0 2 31
-1 2 3 8
0 3 0 7
1 2 1 2
0 1 2 1

1 3 01
1 4 0 8
2 3 1 7
1 2 2 2
0 3 3 1

0 2 02
0 3 0 8
1 2 1 7
0 1 2 2
-1 2 3 1

1 1 11
2 1 1 8
1 0 2 7
0 1 3 0
1 2 0 1

3 1 17
4 1 1 8
3 0 2 7
2 1 3 0
3 2 0 1

2 0 20
2 -1 2 8
1 0 3 0
2 1 0 2
3 0 1 1

1 1 31
0 1 3 8
1 2 0 7
2 1 1 0
1 0 2 1

2 2 01
2 3 0 8
3 2 1 0
2 1 2 2
1 2 3 1

2 0 10
3 0 1 8
2 -1 2 0
1 0 3 2
2 1 0 1

0 0 20
0 -1 2 8
-1 0 3 7
0 1 0 2
1 0 1 0

0 0 30
-1 0 3 8
0 1 0 7
1 0 1 2
0 -1 2 0

2 0 32
1 0 3 8
2 1 0 0
3 0 1 2
2 -1 2 1

3 1 01
3 2 0 8
4 1 1 7
3 0 2 0
2 1 3 1

2 3 17
3 3 1 0
2 2 2 7
1 3 3 2
2 4 0 1

1 2 22
1 1 2 8
0 2 3 7
1 3 0 2
2 2 1 1

0 3 31
-1 3 3 0
0 4 0 7
1 3 1 2
0 2 2 1

0 3 02
0 4 0 0
1 3 1 7
0 2 2 2
-1 3 3 1

1 2 11
2 2 1 8
1 1 2 7
0 2 3 2
1 3 0 1

3 2 17
4 2 1 8
3 1 2 7
2 2 3 2
3 3 0 1

2 1 20
2 0 2 8
1 1 3 0
2 2 0 2
3 1 1 1

1 2 31
0 2 3 8
1 3 0 7
2 2 1 2
1 1 2 1

2 3 01
2 4 0 0
3 3 1 7
2 2 2 2
1 3 3 1

2 1 11
3 1 1 8
2 0 2 0
1 1 3 2
2 2 0 1

0 1 21
0 0 2 8
-1 1 3 7
0 2 0 2
1 1 1 0

1 2 00
1 3 0 8
2 2 1 7
1 1 2 2
0 2 3 1

3 0 22
3 -1 2 0
2 0 3 7
3 1 0 2
4 0 1 1

2 1 30
1 1 3 8
2 2 0 0
3 1 1 2
2 0 2 1

3 2 01
3 3 0 8
4 2 1 7
3 1 2 2
2 2 3 1

1 0 30
0 0 3 8
1 1 0 0
2 0 1 2
1 -1 2 1

3 0 11
4 0 1 0
3 -1 2 7
2 0 3 2
3 1 0 1

1 0 20
1 -1 2 8
0 0 3 0
1 1 0 2
2 0 1 1

1 0 10
2 0 1 8
1 -1 2 0
0 0 3 2
1 1 0 1

3 3 10
4 3 1 8
3 2 2 7
2 3 3 2
3 4 0 1

2 2 22
2 1 2 8
1 2 3 0
2 3 0 2
3 2 1 1

1 3 31
0 3 3 8
1 4 0 7
2 3 1 2
1 2 2 1

2 2 11
3 2 1 8
2 1 2 0
1 2 3 2
2 3 0 1

1 3 12
2 3 1 8
1 2 2 7
0 3 3 2
1 4 0 1

0 2 20
0 1 2 8
-1 2 3 7
0 3 0 2
1 2 1 1

3 1 22
3 0 2 8
2 1 3 7
3 2 0 0
4 1 1 1

2 2 31
1 2 3 8
2 3 0 0
3 2 1 2
2 1 2 1

3 3 01
3 4 0 8
4 3 1 7
3 2 2 2
2 3 3 1

1 1 30
0 1 3 8
1 2 0 7
2 1 1 0
1 0 2 1

3 1 11
4 1 1 8
3 0 2 7
2 1 3 0
3 2 0 1

1 1 21
1 0 2 8
0 1 3 7
1 2 0 0
2 1 1 1

3 1 00
3 2 0 8
4 1 1 7
3 0 2 0
2 1 3 1

2 2 00
2 3 0 8
3 2 1 0
2 1 2 2
1 2 3 1

1 1 00
1 2 0 8
2 1 1 7
1 0 2 0
0 1 3 1

3 2 22
3 1 2 8
2 2 3 7
3 3 0 2
4 2 1 1

2 3 31
1 3 3 0
2 4 0 7
3 3 1 2
2 2 2 1

3 2 10
4 2 1 8
3 1 2 7
2 2 3 2
3 3 0 1

2 3 12
3 3 1 0
2 2 2 7
1 3 3 2
2 4 0 1

1 2 21
1 1 2 8
0 2 3 7
1 3 0 2
2 2 1 1

1 2 30
0 2 3 8
1 3 0 7
2 2 1 2
1 1 2 1

2 1 10
3 1 1 8
2 0 2 0
1 1 3 2
2 2 0 1

3 2 00
3 3 0 8
4 2 1 7
3 1 2 2
2 2 3 1

3 0 20
3 -1 2 0
2 0 3 7
3 1 0 2
4 0 1 1

2 2 21
2 1 2 8
1 2 3 0
2 3 0 2
3 2 1 1

1 3 30
0 3 3 8
1 4 0 7
2 3 1 2
1 2 2 1

2 3 00
2 4 0 0
3 3 1 7
2 2 2 2
1 3 3 1

0
0 0 00
0 1 0 1
1 0 1 9
0 -1 2 0
-1 0 3 1

0 1 01
0 2 0 1
1 1 1 9
0 0 2 0
-1 1 3 1

1 0 19
2 0 1 1
1 -1 2 9
0 0 3 3
1 1 0 1

1 1 19
2 1 1 1
1 0 2 0
0 1 3 3
1 2 0 1

0 0 23
0 -1 2 1
-1 0 3 9
0 1 0 0
1 0 1 1

2 0 11
3 0 1 0
2 -1 2 9
1 0 3 3
2 1 0 1

0 0 33
-1 0 3 1
0 1 0 9
1 0 1 0
0 -1 2 1

1 1 01
1 2 0 1
2 1 1 0
1 0 2 3
0 1 3 1

2 1 11
3 1 1 1
2 0 2 9
1 1 3 3
2 2 0 1

1 0 20
1 -1 2 1
0 0 3 9
1 1 0 3
2 0 1 1

0 1 31
-1 1 3 1
0 2 0 9
1 1 1 0
0 0 2 1

1 0 11
2 0 1 1
1 -1 2 9
0 0 3 3
1 1 0 1

3 0 11
4 0 1 1
3 -1 2 0
2 0 3 3
3 1 0 1

1 0 33
0 0 3 1
1 1 0 9
2 0 1 3
1 -1 2 1

2 1 01
2 2 0 1
3 1 1 9
2 0 2 3
1 1 3 1

3 1 11
4 1 1 1
3 0 2 9
2 1 3 3
3 2 0 0

2 0 23
2 -1 2 0
1 0 3 9
2 1 0 3
3 0 1 1

1 1 31
0 1 3 1
1 2 0 0
2 1 1 3
1 0 2 1

1 1 13
2 1 1 1
1 0 2 0
0 1 3 3
1 2 0 1

0 0 20
0 -1 2 1
-1 0 3 9
0 1 0 0
1 0 1 1

4 0 11
5 0 1 1
4 -1 2 0
3 0 3 3
4 1 0 1

2 0 30
1 0 3 0
2 1 0 9
3 0 1 3
2 -1 2 1

3 1 01
3 2 0 1
4 1 1 9
3 0 2 3
2 1 3 0

0 0 31
-1 0 3 1
0 1 0 9
1 0 1 0
0 -1 2 1

4 1 11
5 1 1 0
4 0 2 9
3 1 3 3
4 2 0 1

3 0 23
3 -1 2 1
2 0 3 0
3 1 0 3
4 0 1 1

2 1 31
1 1 3 1
2 2 0 9
3 1 1 3
2 0 2 1

3 0 10
4 0 1 1
3 -1 2 0
2 0 3 3
3 1 0 1

2 1 10
3 1 1 1
2 0 2 9
1 1 3 3
2 2 0 1

0 1 00
0 2 0 1
1 1 1 9
0 0 2 0
-1 1 3 1

5 0 11
6 0 1 1
5 -1 2 9
4 0 3 0
5 1 0 1

3 0 30
2 0 3 1
3 1 0 0
4 0 1 3
3 -1 2 1

4 1 01
4 2 0 0
5 1 1 9
4 0 2 3
3 1 3 1

1 0 30
0 0 3 1
1 1 0 9
2 0 1 3
1 -1 2 1

5 1 10
6 1 1 1
5 0 2 0
4 1 3 3
5 2 0 1

4 0 20
4 -1 2 1
3 0 3 0
4 1 0 3
5 0 1 1

3 1 31
2 1 3 1
3 2 0 9
4 1 1 3
3 0 2 0

2 0 21
2 -1 2 0
1 0 3 9
2 1 0 3
3 0 1 1

6 0 11
7 0 1 0
6 -1 2 9
5 0 3 3
6 1 0 1

4 0 33
3 0 3 1
4 1 0 0
5 0 1 3
4 -1 2 1

5 1 00
5 2 0 1
6 1 1 0
5 0 2 3
4 1 3 1

3 1 00
3 2 0 1
4 1 1 9
3 0 2 3
2 1 3 0

6 1 10
7 1 1 1
6 0 2 9
5 1 3 3
6 2 0 0

5 0 20
5 -1 2 1
4 0 3 9
5 1 0 0
6 0 1 1

4 1 31
3 1 3 0
4 2 0 9
5 1 1 3
4 0 2 1

3 0 21
3 -1 2 1
2 0 3 0
3 1 0 3
4 0 1 1

7 0 11
8 0 1 1
7 -1 2 0
6 0 3 3
7 1 0 1

5 0 33
4 0 3 1
5 1 0 9
6 0 1 0
5 -1 2 1

6 1 01
6 2 0 1
7 1 1 9
6 0 2 3
5 1 3 0

2 1 30
1 1 3 1
2 2 0 9
3 1 1 3
2 0 2 1

7 1 11
8 1 1 1
7 0 2 9
6 1 3 3
7 2 0 1

6 0 23
6 -1 2 0
5 0 3 9
6 1 0 3
7 0 1 1

5 1 31
4 1 3 1
5 2 0 0
6 1 1 3
5 0 2 1

6 0 30
5 0 3 0
6 1 0 9
7 0 1 3
6 -1 2 1

7 1 01
7 2 0 1
8 1 1 9
7 0 2 3
6 1 3 1

4 0 31
3 0 3 1
4 1 0 0
5 0 1 3
4 -1 2 1

7 0 23
7 -1 2 1
6 0 3 0
7 1 0 3
8 0 1 1

6 1 31
5 1 3 1
6 2 0 9
7 1 1 3
6 0 2 0

7 0 10
8 0 1 1
7 -1 2 0
6 0 3 3
7 1 0 1

5 0 30
4 0 3 1
5 1 0 9
6 0 1 0
5 -1 2 1

5 0 10
6 0 1 1
5 -1 2 9
4 0 3 0
5 1 0 1

6 0 21
6 -1 2 0
5 0 3 9
6 1 0 3
7 0 1 1

6 0 10
7 0 1 0
6 -1 2 9
5 0 3 3
6 1 0 1

4 0 30
3 0 3 1
4 1 0 0
5 0 1 3
4 -1 2 1

4 1 00
4 2 0 0
5 1 1 9
4 0 2 3
3 1 3 1

1
