Case #1:
Impossible
Case #2:
.
Case #3:
./\..
.\//\
./\\/
.\/..
Case #4:
Impossible
Case #5:
/\/\/\/\/\./\/\/\/\/\./\./\/\
\/\/\/\/\/.\/\/\/\/\/.\/.\/\/
/\/\/\/\/\/\/\/\/\/\./\/\/\/\
\/\/\/\/\/\/\/\/\/\/.\/\/\/\/
/\/\/\/\/\/\./\./\/\/\/\/\./\
\/\/\/\/\/\/.\/.\/\/\/\/\/.\/
/\..../\/\/\/\/\/\./\/\/\/\/\
\//\/\\/\/\/\/\/\/.\/\/\/\/\/
/\\/\/../\/\/\/\/\/\/\/\/\./\
\//\/\/\\/\/\/\/\/\/\/\/\/.\/
/\\/\/\//\/\./\/\./\./\/\/\..
\//\/\/\\/\/.\/\/.\/.\/\/\/..
/\\/\/\/..../\/\./\/\/\/\/\..
\//\../\/\/\\/\/.\/\/\/\/\/..
/\\//\\/\/\//\/\/\./\./\/\/\.
\//\\//\....\/\/\/.\/.\/\/\/.
/\\//\\//\/\../\/\/\/\./\/\/\
\//\\/..\/\//\\/\/\/\/.\/\/\/
..\//\/\/\/\\//\/\/\/\/\/\./\
/\..\/\/\/\//\\/\/\/\/\/\/.\/
\//\../\/\/\\//\../\/\/\/\/\.
/\\//\\/\/\//\\//\\/\/\/\/\/.
\//\\//\../\\//\\//\../\/\/\.
..\//\\//\\/..\/..\//\\/\/\/.
/\/\\//\\/../\../\/\\//\/\/\.
\/\/..\/....\/..\/\/..\/\/\/.
Case #6:
Impossible
Case #7:
/\/\/\/\/\/\/\/\/\/\/\/\/\/\/\/\/\/\/\/\/\/\/\/\/\
\/\/\/\/\/\/\/\/\/\/\/\/\/\/\/\/\/\/\/\/\/\/\/\/\/
/\/\/\/\/\/\/\/\/\/\/\/\/\/\/\/\/\/\/\/\/\/\/\/\/\
\/\/\/\/\/\/\/\/\/\/\/\/\/\/\/\/\/\/\/\/\/\/\/\/\/
/\/\/\/\/\/\/\/\/\/\/\/\/\/\/\/\/\/\/\/\/\/\/\/\/\
\/\/\/\/\/\/\/\/\/\/\/\/\/\/\/\/\/\/\/\/\/\/\/\/\/
/\/\/\/\/\/\/\/\/\/\/\/\/\/\/\/\/\/\/\/\/\/\/\/\/\
\/\/\/\/\/\/\/\/\/\/\/\/\/\/\/\/\/\/\/\/\/\/\/\/\/
/\/\/\/\/\/\/\/\/\/\/\/\/\/\/\/\/\/\/\/\/\/\/\/\/\
\/\/\/\/\/\/\/\/\/\/\/\/\/\/\/\/\/\/\/\/\/\/\/\/\/
/\/\/\/\/\/\/\/\/\/\/\/\/\/\/\/\/\/\/\/\/\/\/\/\/\
\/\/\/\/\/\/\/\/\/\/\/\/\/\/\/\/\/\/\/\/\/\/\/\/\/
/\/\/\/\/\/\/\/\/\/\/\/\/\/\/\/\/\/\/\/\/\/\/\/\/\
\/\/\/\/\/\/\/\/\/\/\/\/\/\/\/\/\/\/\/\/\/\/\/\/\/
/\/\/\/\/\/\/\/\/\/\/\/\/\/\/\/\/\/\/\/\/\/\/\/\/\
\/\/\/\/\/\/\/\/\/\/\/\/\/\/\/\/\/\/\/\/\/\/\/\/\/
/\/\/\/\/\/\/\/\/\/\/\/\/\/\/\/\/\/\/\/\/\/\/\/\/\
\/\/\/\/\/\/\/\/\/\/\/\/\/\/\/\/\/\/\/\/\/\/\/\/\/
/\/\/\/\/\/\/\/\/\/\/\/\/\/\/\/\/\/\/\/\/\/\/\/\/\
\/\/\/\/\/\/\/\/\/\/\/\/\/\/\/\/\/\/\/\/\/\/\/\/\/
/\/\/\/\/\/\/\/\/\/\/\/\/\/\/\/\/\/\/\/\/\/\/\/\/\
\/\/\/\/\/\/\/\/\/\/\/\/\/\/\/\/\/\/\/\/\/\/\/\/\/
/\/\/\/\/\/\/\/\/\/\/\/\/\/\/\/\/\/\/\/\/\/\/\/\/\
\/\/\/\/\/\/\/\/\/\/\/\/\/\/\/\/\/\/\/\/\/\/\/\/\/
/\/\/\/\/\/\/\/\/\/\/\/\/\/\/\/\/\/\/\/\/\/\/\/\/\
\/\/\/\/\/\/\/\/\/\/\/\/\/\/\/\/\/\/\/\/\/\/\/\/\/
/\/\/\/\/\/\/\/\/\/\/\/\/\/\/\/\/\/\/\/\/\/\/\/\/\
\/\/\/\/\/\/\/\/\/\/\/\/\/\/\/\/\/\/\/\/\/\/\/\/\/
/\/\/\/\/\/\/\/\/\/\/\/\/\/\/\/\/\/\/\/\/\/\/\/\/\
\/\/\/\/\/\/\/\/\/\/\/\/\/\/\/\/\/\/\/\/\/\/\/\/\/
/\/\/\/\/\/\/\/\/\/\/\/\/\/\/\/\/\/\/\/\/\/\/\/\/\
\/\/\/\/\/\/\/\/\/\/\/\/\/\/\/\/\/\/\/\/\/\/\/\/\/
/\/\/\/\/\/\/\/\/\/\/\/\/\/\/\/\/\/\/\/\/\/\/\/\/\
\/\/\/\/\/\/\/\/\/\/\/\/\/\/\/\/\/\/\/\/\/\/\/\/\/
/\/\/\/\/\/\/\/\/\/\/\/\/\/\/\/\/\/\/\/\/\/\/\/\/\
\/\/\/\/\/\/\/\/\/\/\/\/\/\/\/\/\/\/\/\/\/\/\/\/\/
/\/\/\/\/\/\/\/\/\/\/\/\/\/\/\/\/\/\/\/\/\/\/\/\/\
\/\/\/\/\/\/\/\/\/\/\/\/\/\/\/\/\/\/\/\/\/\/\/\/\/
/\/\/\/\/\/\/\/\/\/\/\/\/\/\/\/\/\/\/\/\/\/\/\/\/\
\/\/\/\/\/\/\/\/\/\/\/\/\/\/\/\/\/\/\/\/\/\/\/\/\/
/\/\/\/\/\/\/\/\/\/\/\/\/\/\/\/\/\/\/\/\/\/\/\/\/\
\/\/\/\/\/\/\/\/\/\/\/\/\/\/\/\/\/\/\/\/\/\/\/\/\/
/\/\/\/\/\/\/\/\/\/\/\/\/\/\/\/\/\/\/\/\/\/\/\/\/\
\/\/\/\/\/\/\/\/\/\/\/\/\/\/\/\/\/\/\/\/\/\/\/\/\/
/\/\/\/\/\/\/\/\/\/\/\/\/\/\/\/\/\/\/\/\/\/\/\/\/\
\/\/\/\/\/\/\/\/\/\/\/\/\/\/\/\/\/\/\/\/\/\/\/\/\/
/\/\/\/\/\/\/\/\/\/\/\/\/\/\/\/\/\/\/\/\/\/\/\/\/\
\/\/\/\/\/\/\/\/\/\/\/\/\/\/\/\/\/\/\/\/\/\/\/\/\/
/\/\/\/\/\/\/\/\/\/\/\/\/\/\/\/\/\/\/\/\/\/\/\/\/\
\/\/\/\/\/\/\/\/\/\/\/\/\/\/\/\/\/\/\/\/\/\/\/\/\/
Case #8:
/\./\/\./\/\/\/\/\/\/\/\/\/\/\/\./\./\.
\/.\/\/.\/\/\/\/\/\/\/\/\/\/\/\/.\/.\/.
/\/\/\/\/\/\/\/\/\/\/\./\/\/\/\/\/\/\/\
\/\/\/\/\/\/\/\/\/\/\/.\/\/\/\/\/\/\/\/
../\/\./\/\./\./\./\./\/\./\./\./\/\/\.
/\\/\/.\/\/.\/.\/.\/.\/\/.\/.\/.\/\/\/.
\/../\/\/\/\/\/\/\/\/\/\/\/\./\/\/\./\.
/\/\\/\/\/\/\/\/\/\/\/\/\/\/.\/\/\/.\/.
\/\//\../\/\/\./\/\/\/\/\/\/\./\/\./\/\
../\\//\\/\/\/.\/\/\/\/\/\/\/.\/\/.\/\/
/\\//\\//\/\/\/\./\/\/\./\./\/\/\./\/\.
\//\\//\\/\/\/\/.\/\/\/.\/.\/\/\/.\/\/.
/\\//\\/../\/\/\/\./\/\/\/\/\/\/\/\./\.
\//\\//\/\\/\/\/\/.\/\/\/\/\/\/\/\/.\/.
..\/..\/\//\/\/\/\/\/\/\/\/\/\/\/\/\./\
/\/\/\/\/\\/\/\/\/\/\/\/\/\/\/\/\/\/.\/
\/\/\/\/\//\../\/\/\/\/\/\/\/\./\/\./\.
/\/\../\/\\//\\/\/\/\/\/\/\/\/.\/\/.\/.
\/\//\\/\//\\//\../\/\/\/\./\/\/\/\/\/\
../\\//\/\\//\\//\\/\/\/\/.\/\/\/\/\/\/
/\\//\\/\/..\/..\//\/\/\./\/\/\/\/\/\/\
\/..\/../\/\../\/\\/\/\/.\/\/\/\/\/\/\/
/\/\/\/\\/\//\\/\//\/\/\/\/\./\./\/\/\.
\/\/\/\//\/\\//\/\\/\/\/\/\/.\/.\/\/\/.
/\/\../\\/\/..\/\/../\../\./\/\/\/\./\.
\/\//\\//\../\/\/\/\\//\\/.\/\/\/\/.\/.
/\..\//\\//\\/\/\/\/..\//\/\./\/\./\/\.
\//\/\\//\\//\/\/\/\/\/\\/\/.\/\/.\/\/.
/\\/\//\\/..\/\/\/\/\/\//\../\/\./\/\/\
\//\/\\//\/\/\/\/\/\../\\//\\/\/.\/\/\/
/\\/\//\\/\/\/\/\/\//\\//\\//\/\/\/\./\
\/....\/............\/..\/..\/\/\/\/.\/
Case #9:
/\/\/\./\./\./\/\/\./\/\./\/\/\/\/\/\/\/\/\/\/\./\
\/\/\/.\/.\/.\/\/\/.\/\/.\/\/\/\/\/\/\/\/\/\/\/.\/
/\/\./\./\/\/\/\/\/\./\/\/\./\/\/\./\/\./\/\/\./\.
\/\/.\/.\/\/\/\/\/\/.\/\/\/.\/\/\/.\/\/.\/\/\/.\/.
../\/\./\/\/\./\./\/\/\/\/\/\./\/\./\/\./\./\/\/\.
/\\/\/.\/\/\/.\/.\/\/\/\/\/\/.\/\/.\/\/.\/.\/\/\/.
\//\/\/\/\/\./\./\/\/\/\./\./\/\/\./\./\/\/\/\/\/\
..\/\/\/\/\/.\/.\/\/\/\/.\/.\/\/\/.\/.\/\/\/\/\/\/
/\/\../\/\./\/\./\/\/\/\/\/\/\/\/\/\/\/\/\/\/\/\/\
\/\//\\/\/.\/\/.\/\/\/\/\/\/\/\/\/\/\/\/\/\/\/\/\/
....\/../\/\/\/\/\./\/\/\./\/\./\/\./\/\/\/\/\./\.
/\/\/\/\\/\/\/\/\/.\/\/\/.\/\/.\/\/.\/\/\/\/\/.\/.
\/\/\/\//\/\/\/\/\/\/\./\/\./\/\./\./\./\./\/\/\..
/\/\/\..\/\/\/\/\/\/\/.\/\/.\/\/.\/.\/.\/.\/\/\/..
\/\/\//\../\/\/\/\/\./\/\/\./\/\/\/\/\/\./\/\/\./\
/\/\/\\//\\/\/\/\/\/.\/\/\/.\/\/\/\/\/\/.\/\/\/.\/
\/\/\//\\/../\/\/\/\/\/\/\./\/\/\/\/\/\./\/\./\./\
/\/\..\//\/\\/\/\/\/\/\/\/.\/\/\/\/\/\/.\/\/.\/.\/
\/\//\/\\/\//\/\../\/\./\/\/\/\/\/\./\/\/\/\./\/\.
/\..\/\/../\\/\//\\/\/.\/\/\/\/\/\/.\/\/\/\/.\/\/.
\//\/\../\\//\/\\//\/\/\/\./\./\/\/\./\/\/\/\/\/\.
/\\/\//\\/..\/\//\\/\/\/\/.\/.\/\/\/.\/\/\/\/\/\/.
\//\/\\/../\/\/\\//\/\/\/\/\/\./\./\/\./\/\./\./\.
..\/\/../\\/\/\//\\/\/\/\/\/\/.\/.\/\/.\/\/.\/.\/.
/\/\/\/\\//\....\//\/\../\/\./\/\/\/\/\./\/\./\./\
\/\/\/\//\\//\/\/\\/\//\\/\/.\/\/\/\/\/.\/\/.\/.\/
/\/\/\/\\//\\/\/\//\/\\/../\./\/\./\/\/\/\/\./\./\
\/\/\/\//\\//\/\..\/\//\/\\/.\/\/.\/\/\/\/\/.\/.\/
/\../\..\//\\/\//\/\..\/\//\/\./\/\/\/\/\/\./\/\..
\//\\//\..\/../\\/\//\/\/\\/\/.\/\/\/\/\/\/.\/\/..
/\\//\\//\../\\/../\\/\/\//\../\/\/\/\/\/\/\/\./\.
\//\\//\\//\\//\/\\//\../\\//\\/\/\/\/\/\/\/\/.\/.
/\\//\\/..\//\\/\//\\//\\//\\//\/\/\/\./\/\./\/\/\
\//\\/../\/\\/../\\//\\//\\/..\/\/\/\/.\/\/.\/\/\/
/\\//\/\\/\//\/\\//\\//\\//\/\../\/\/\./\/\/\/\./\
\//\\/\//\/\\/\//\\/..\//\\/\//\\/\/\/.\/\/\/\/.\/
/\\/....\/\/../\\/../\/\\/....\/../\/\/\/\/\/\/\/\
\//\/\/\/\/\/\\//\/\\/\/../\/\/\/\\/\/\/\/\/\/\/\/
/\\/\/\/\/\/\/..\/\//\/\/\\/\/\/\/../\/\./\/\/\./\
\/....../\/\/\/\../\\/\/\//\/\/\/\/\\/\/.\/\/\/.\/
../\/\/\\/\/\/\//\\//\/\/\\/\/\/\/\//\/\/\./\/\./\
/\\/\/\/../\/\/\\/..\/\/\//\/\../\..\/\/\/.\/\/.\/
\//\..../\\/\/\//\/\../\/\\/\//\\//\/\/\/\/\/\/\/\
/\\//\/\\//\/\/\\/\//\\/\/../\\/..\/\/\/\/\/\/\/\/
\//\\/\//\\/\/\//\/\\/../\/\\/../\/\/\/\/\/\/\./\.
/\\/../\\//\/\/\\/\//\/\\/\//\/\\/\/\/\/\/\/\/.\/.
\//\/\\//\\/\/\//\/\\/\/....\/\//\/\/\/\/\/\../\..
/\\/\//\\//\/\/\\/\//\/\/\/\../\\/\/\/\/\/\//\\/..
\//\/\\//\\/\/\//\/\\/\/\/\//\\//\/\/\/\/\..\/../\
..\/\/..\/......\/\/........\/..\/\/\/\/\/......\/
Case #10:
Impossible
Case #11:
/\./\/\./\/\/\/\/\/\/\./\./\./\./\./\/\./\.
\/.\/\/.\/\/\/\/\/\/\/.\/.\/.\/.\/.\/\/.\/.
/\/\./\./\/\./\/\/\/\/\/\/\/\./\./\/\/\/\/\
\/\/.\/.\/\/.\/\/\/\/\/\/\/\/.\/.\/\/\/\/\/
/\../\/\./\/\/\/\/\/\/\/\/\/\/\/\/\./\/\/\.
\//\\/\/.\/\/\/\/\/\/\/\/\/\/\/\/\/.\/\/\/.
..\/../\./\/\./\./\/\/\/\/\/\/\/\/\/\./\/\.
/\/\/\\/.\/\/.\/.\/\/\/\/\/\/\/\/\/\/.\/\/.
\/\/\/../\./\/\./\/\/\/\./\./\./\/\/\/\/\/\
/\/\/\/\\/.\/\/.\/\/\/\/.\/.\/.\/\/\/\/\/\/
\/\/\/\//\/\/\/\/\/\/\/\/\/\/\/\/\/\/\./\/\
/\/\/\/\\/\/\/\/\/\/\/\/\/\/\/\/\/\/\/.\/\/
\/\/\/\//\/\/\./\./\/\./\/\/\/\/\./\/\./\/\
/\/\/\/\\/\/\/.\/.\/\/.\/\/\/\/\/.\/\/.\/\/
\/\/\/\//\../\/\./\./\./\./\./\/\/\./\./\..
/\/\/\/\\//\\/\/.\/.\/.\/.\/.\/\/\/.\/.\/..
\/\/\/\/..\//\/\/\./\/\/\./\/\./\/\/\/\/\/\
/\....../\..\/\/\/.\/\/\/.\/\/.\/\/\/\/\/\/
\//\/\/\\//\/\../\/\/\/\./\./\./\/\./\/\/\.
/\\/\/\/..\/\//\\/\/\/\/.\/.\/.\/\/.\/\/\/.
\//\/\/\/\/\..\//\/\/\/\./\./\./\/\./\./\/\
..\/\/\/\/\//\/\\/\/\/\/.\/.\/.\/\/.\/.\/\/
/\../\..../\\/\//\/\/\/\/\/\./\/\/\./\./\/\
\//\\//\/\\//\..\/\/\/\/\/\/.\/\/\/.\/.\/\/
/\\/..\/\//\\//\../\../\/\/\/\./\/\/\/\./\.
\//\/\/\/\\//\\//\\//\\/\/\/\/.\/\/\/\/.\/.
/\\/\/\/\/..\//\\//\\/..../\/\./\/\./\/\./\
\/../\/\../\/\\/..\//\/\/\\/\/.\/\/.\/\/.\/
../\\/\//\\/\//\/\/\\/\/\/../\/\/\/\./\/\/\
/\\//\/\\/../\\/\/\//\/\../\\/\/\/\/.\/\/\/
\/..\/\//\/\\/../\/\\/\//\\/../\/\/\/\/\/\.
../\/\..\/\/../\\/\//\/\\//\/\\/\/\/\/\/\/.
/\\/\//\../\/\\//\/\\/\//\\/\/../\/\./\/\/\
\//\/\\//\\/\/..\/\/....\//\/\/\\/\/.\/\/\/
/\\/\//\\/../\/\/\/\/\/\/\\/\/\//\/\/\/\/\.
\/../\\//\/\\/\/\/\/\/\/\/..../\\/\/\/\/\/.
/\/\\//\\/\/../\../\../\/\/\/\\//\/\/\/\/\.
\/\//\\//\/\/\\//\\//\\/\/\/\/..\/\/\/\/\/.
../\\//\\/\/\/..\//\\//\/\/\/\/\../\/\/\./\
/\\//\\//\/\/\/\/\\//\\/\/\/\/\//\\/\/\/.\/
\//\\/..\/\/\/\/\//\\//\/\..../\\/....../\.
/\\//\/\/\/\/\../\\//\\/\//\/\\/../\/\/\\/.
\//\\/\/\/\/\//\\//\\//\/\\/\/../\\/\/\//\.
..\//\/\../\/\\//\\/..\/\/../\/\\/../\/\\/.
....\/\/..\/\/..\/..........\/\/....\/\/...
Case #12:
Impossible
Case #13:
/\./\/\./\/\./\/\/\/\/\/\./\/\/\/\/\./\/\/\
\/.\/\/.\/\/.\/\/\/\/\/\/.\/\/\/\/\/.\/\/\/
../\./\./\./\/\/\./\./\./\./\./\/\/\/\./\/\
/\\/.\/.\/.\/\/\/.\/.\/.\/.\/.\/\/\/\/.\/\/
\//\/\/\/\./\./\./\/\./\/\./\/\/\./\/\/\/\.
/\\/\/\/\/.\/.\/.\/\/.\/\/.\/\/\/.\/\/\/\/.
\//\../\/\./\/\/\/\/\/\./\/\./\./\/\./\./\.
..\//\\/\/.\/\/\/\/\/\/.\/\/.\/.\/\/.\/.\/.
/\/\\/../\./\/\/\/\/\/\/\/\/\/\./\/\./\./\.
\/\//\/\\/.\/\/\/\/\/\/\/\/\/\/.\/\/.\/.\/.
../\\/\//\/\/\/\/\/\/\/\/\/\/\/\./\/\./\/\.
/\\//\/\\/\/\/\/\/\/\/\/\/\/\/\/.\/\/.\/\/.
\/..\/\//\/\/\./\/\./\/\/\./\/\/\/\/\./\/\.
../\/\/\\/\/\/.\/\/.\/\/\/.\/\/\/\/\/.\/\/.
/\\/\/\/../\../\/\/\/\/\./\/\/\/\/\/\/\/\/\
\//\/\/\/\\//\\/\/\/\/\/.\/\/\/\/\/\/\/\/\/
/\\/\/\/\/..\//\/\/\./\/\/\/\/\./\/\./\/\/\
\//\../\/\/\..\/\/\/.\/\/\/\/\/.\/\/.\/\/\/
..\//\\/\/\//\..../\./\./\/\/\/\./\/\/\/\/\
/\..\//\/\/\\//\/\\/.\/.\/\/\/\/.\/\/\/\/\/
\//\/\\/\/\//\\/\//\/\./\/\./\/\/\/\/\/\/\.
..\/\/../\/\\//\/\\/\/.\/\/.\/\/\/\/\/\/\/.
/\/\/\/\\/\/..\/\/../\/\./\/\/\/\/\./\/\./\
\/\/\/\//\/\/\../\/\\/\/.\/\/\/\/\/.\/\/.\/
/\/\../\\/\/\//\\/\//\../\/\/\./\/\./\./\/\
\/\//\\//\/\/\\//\..\//\\/\/\/.\/\/.\/.\/\/
....\/..\/\/\/..\/....\/...................
Case #14:
/\/\/\../\/\.../\...../\/\
\/\/\//\\/\//\.\/./\/\\/\/
/\/\/\\/./\.\/....\/\/....
\/\/\//\.\//\./\/\/\/\/\/\
/\/\/\\/./\\/.\/\/\/\/\/\/
\/\/\/./\\/..../\/\/\./\/\
/\../\.\//\./\.\/\/\/.\/\/
\//\\//\.\/.\/......../\/\
/\\//\\/./\/\./\./\./\\/\/
\/..\//\.\/\/.\/.\/.\/....
/\./\.\//\/\...../\/\/\./\
\/.\//\.\/\//\/\.\/\/\/.\/
/\./\\//\...\/\/./\/\.....
\/.\//\\//\.../\.\/\//\./\
./\..\//\\/./\\//\...\/.\/
.\//\..\//\.\/..\//\../\/\
./\\//\/\\//\../\.\//\\/\/
.\//\\/\/..\//\\/./\\/../\
./\\/.../\/\.\//\.\//\/\\/
.\/../\.\/\//\.\//\.\/\//\
./\/\\/../\.\/...\//\...\/
.\/\//\/\\/./\./\/\\/./\..
.....\/\//\.\/.\/\/...\//\
/\/\./\/\\//\.../\./\/\.\/
\/\/.\/\//\\//\.\/.\/\/./\
/\/\/\/\.\/..\//\/\./\/\\/
\/\/\/\/./\/\/\\/\/.\/\//\
../\/\./\\/\/\/./\./\/\.\/
/\\/\/.\/../\...\/.\/\/...
\//\/\./\/\\//\./\./\/\/\.
..\/\/.\/\/..\/.\/.\/\/\/.
Case #15:
/\/\/\/\/\/\./\./\/\/\/\./\/\/\/\./\
\/\/\/\/\/\/.\/.\/\/\/\/.\/\/\/\/.\/
../\/\./\/\/\/\/\./\/\/\./\/\/\/\/\.
/\\/\/.\/\/\/\/\/.\/\/\/.\/\/\/\/\/.
\/../\/\/\./\/\./\/\/\/\/\/\/\/\./\.
/\/\\/\/\/.\/\/.\/\/\/\/\/\/\/\/.\/.
\/\/../\./\/\/\/\./\/\./\/\/\/\/\./\
..../\\/.\/\/\/\/.\/\/.\/\/\/\/\/.\/
/\/\\/../\./\/\/\/\./\./\/\/\/\/\/\.
\/\//\/\\/.\/\/\/\/.\/.\/\/\/\/\/\/.
/\/\\/\//\/\/\/\/\/\/\/\/\/\/\/\./\.
\/\//\/\\/\/\/\/\/\/\/\/\/\/\/\/.\/.
/\..\/\//\../\/\/\./\/\/\/\/\/\/\./\
\//\/\..\//\\/\/\/.\/\/\/\/\/\/\/.\/
/\\/\//\/\\//\/\/\/\/\/\/\./\/\/\/\.
\/....\/\//\\/\/\/\/\/\/\/.\/\/\/\/.
/\/\/\....\//\/\/\/\./\/\/\/\/\./\/\
\/\/\//\/\..\/\/\/\/.\/\/\/\/\/.\/\/
../\..\/\//\/\/\/\/\/\/\/\/\/\/\./\.
/\\//\../\\/\/\/\/\/\/\/\/\/\/\/.\/.
\/..\//\\/../\/\../\/\./\/\/\./\/\/\
../\/\\//\/\\/\//\\/\/.\/\/\/.\/\/\/
/\\/\//\\/\//\..\//\/\/\/\/\/\/\/\/\
\/....\/../\\//\/\\/\/\/\/\/\/\/\/\/
/\/\/\/\/\\//\\/\/..../\/\/\/\/\./\.
\/\/\/\/\//\\/..../\/\\/\/\/\/\/.\/.
/\../\/\/\\/../\/\\/\//\/\/\/\/\./\.
\//\\/\/\/../\\/\//\/\\/\/\/\/\/.\/.
/\\/../\/\/\\//\..\/\/../\/\/\/\/\..
\//\/\\/\/\//\\//\/\/\/\\/\/\/\/\/..
/\\/\//\../\\//\\/\/\/\/....../\/\..
\//\/\\//\\//\\//\/\/\/\/\/\/\\/\/..
/\\/\//\\/..\//\\/\/\/\/\/\/\/../\/\
\//\..\//\/\/\\/../\/\/\/\/\/\/\\/\/
..\//\/\\/\/\/../\\/\/\/\/\/\/\//\/\
/\/\\/\//\/\/\/\\//\/\....../\/\\/\/
\/\//\/\\/\/\/\//\\/\//\/\/\\/\//\/\
/\/\\/\/../\/\..\//\..\/\/\//\/\\/\/
\/\/../\/\\/\//\..\//\/\/\..\/\/....
/\/\/\\/\/....\//\/\\/\/\//\/\../\/\
\/\/\//\../\/\/\\/\/../\..\/\//\\/\/
../\/\\//\\/\/\//\/\/\\//\/\..\//\/\
..\/\/..\/......\/\/\/..\/\/....\/\/
Case #16:
Impossible
Case #17:
/\/\/\./\./\/\/\/\./\./\/\./\/\./\/\/\/\/\./\./\..
\/\/\/.\/.\/\/\/\/.\/.\/\/.\/\/.\/\/\/\/\/.\/.\/..
/\/\/\/\/\/\/\./\/\/\/\./\/\/\/\/\./\./\/\/\/\/\..
\/\/\/\/\/\/\/.\/\/\/\/.\/\/\/\/\/.\/.\/\/\/\/\/..
/\/\/\./\/\./\/\./\/\/\/\/\/\./\/\/\./\./\/\/\./\.
\/\/\/.\/\/.\/\/.\/\/\/\/\/\/.\/\/\/.\/.\/\/\/.\/.
/\/\/\/\./\/\./\/\./\/\./\/\./\/\/\/\/\./\/\/\./\.
\/\/\/\/.\/\/.\/\/.\/\/.\/\/.\/\/\/\/\/.\/\/\/.\/.
....../\/\/\/\/\/\/\./\/\/\/\/\/\./\/\/\/\./\/\./\
/\/\/\\/\/\/\/\/\/\/.\/\/\/\/\/\/.\/\/\/\/.\/\/.\/
\/\/\/..../\/\/\/\/\./\./\/\/\/\./\/\/\./\/\/\/\/\
../\/\/\/\\/\/\/\/\/.\/.\/\/\/\/.\/\/\/.\/\/\/\/\/
/\\/\/\/\//\/\/\./\/\/\./\/\./\/\./\./\/\./\./\/\.
\//\/\/\/\\/\/\/.\/\/\/.\/\/.\/\/.\/.\/\/.\/.\/\/.
..\/\/\/\//\/\/\./\/\./\/\/\/\./\./\/\/\/\/\/\/\/\
/\../\/\/\\/\/\/.\/\/.\/\/\/\/.\/.\/\/\/\/\/\/\/\/
\//\\/\/\//\/\/\/\/\/\/\/\/\./\/\/\./\/\/\/\/\/\/\
/\\/..../\\/\/\/\/\/\/\/\/\/.\/\/\/.\/\/\/\/\/\/\/
\//\/\/\\//\/\/\../\/\/\/\./\/\/\/\./\/\/\./\/\/\.
/\\/\/\//\\/\/\//\\/\/\/\/.\/\/\/\/.\/\/\/.\/\/\/.
\//\/\/\\//\/\/\\//\/\./\/\/\/\/\/\./\/\./\/\./\..
/\\/\/\//\\/\/\/..\/\/.\/\/\/\/\/\/.\/\/.\/\/.\/..
\//\/\..\//\/\/\/\..../\./\/\/\/\./\/\/\/\/\/\/\/\
/\\/\//\/\\/\/\/\//\/\\/.\/\/\/\/.\/\/\/\/\/\/\/\/
\//\..\/\/../\/\..\/\/../\./\/\./\/\./\/\/\/\/\/\.
/\\//\../\/\\/\//\../\/\\/.\/\/.\/\/.\/\/\/\/\/\/.
\//\\//\\/\/....\//\\/\//\/\/\/\/\./\/\/\/\/\/\./\
/\\//\\//\../\/\..\//\/\\/\/\/\/\/.\/\/\/\/\/\/.\/
\//\\/..\//\\/\//\/\\/\//\../\/\./\./\./\/\./\./\.
..\//\/\/\\//\/\\/\//\..\//\\/\/.\/.\/.\/\/.\/.\/.
/\/\\/\/\//\\/\//\/\\//\/\\//\/\/\/\./\/\/\./\/\/\
\/\//\/\/\\//\..\/\//\\/\//\\/\/\/\/.\/\/\/.\/\/\/
../\\/\/\//\\//\....\//\..\//\/\/\/\/\/\/\/\/\./\.
/\\/../\..\//\\//\/\/\\//\..\/\/\/\/\/\/\/\/\/.\/.
\//\/\\//\..\//\\/\/\//\\//\/\..../\/\/\/\./\/\/\.
/\\/\//\\//\/\\//\../\\//\\/\//\/\\/\/\/\/.\/\/\/.
\//\/\\//\\/\//\\//\\//\\//\/\\/\//\/\/\./\./\/\..
..\/\//\\//\/\\/..\//\\/..\/\/....\/\/\/.\/.\/\/..
/\../\\/..\/\/../\/\\/../\..../\/\..../\/\./\/\/\.
\//\\//\/\../\/\\/\//\/\\//\/\\/\//\/\\/\/.\/\/\/.
/\\/..\/\//\\/\//\/\\/\//\\/\//\/\\/\//\/\/\/\./\.
\//\/\../\\/....\/\/....\//\..\/\//\/\\/\/\/\/.\/.
/\\/\//\\/../\/\/\/\/\/\/\\//\/\..\/\//\../\/\/\..
\/....\/....\/\/\/\/\/\/\/..\/\/......\/..\/\/\/..
Case #18:
Impossible
Case #19:
Impossible
Case #20:
/\./\/\/\/\/\./\/\/\/\/\/\.
\/.\/\/\/\/\/.\/\/\/\/\/\/.
/\/\./\./\./\./\./\/\./\/\.
\/\/.\/.\/.\/.\/.\/\/.\/\/.
/\../\/\/\/\/\/\./\./\/\/\.
\//\\/\/\/\/\/\/.\/.\/\/\/.
/\\/../\./\/\/\./\/\/\/\./\
\/../\\/.\/\/\/.\/\/\/\/.\/
/\/\\//\/\./\/\/\./\/\./\/\
\/\//\\/\/.\/\/\/.\/\/.\/\/
/\/\\/../\/\/\/\./\/\/\/\/\
\/\/../\\/\/\/\/.\/\/\/\/\/
/\/\/\\/..../\/\/\/\./\/\/\
\/\/\//\/\/\\/\/\/\/.\/\/\/
/\/\/\\/\/\//\/\/\/\/\./\/\
\/\/\/..../\\/\/\/\/\/.\/\/
/\..../\/\\//\../\/\/\/\/\.
\//\/\\/\//\\//\\/\/\/\/\/.
/\\/\/../\\//\\/../\/\./\/\
\//\../\\/..\//\/\\/\/.\/\/
/\\//\\/../\/\\/\//\/\/\./\
\//\\//\/\\/\//\/\\/\/\/.\/
/\\//\\/\/../\\/\//\../\./\
\//\\/../\/\\//\/\\//\\/.\/
/\\//\/\\/\//\\/\//\\/../\.
\/..\/\//\/\\//\..\//\/\\/.
/\/\../\\/\//\\//\..\/\//\.
\/\//\\//\/\\//\\//\/\/\\/.
../\\//\\/\//\\//\\/\/\//\.
/\\//\\//\..\/..\//\../\\/.
\//\\//\\//\/\/\/\\//\\//\.
..\/..\/..\/\/\/\/..\/..\/.
Case #21:
/\.../\/\.../\/\../\......../\/\/\/\/\/\../\/\./\.
\/./\\/\//\.\/\//\\//\./\./\\/\/\/\/\/\//\\/\/.\/.
./\\//\..\//\/\.\//\\/.\/.\/./\../\.../\\/./\.....
.\/..\/./\.\/\/...\/.../\/\..\//\\//\.\/...\//\/\.
/\/\../\\//\/\/\/\/\/\.\/\//\/\\/..\//\/\./\.\/\/.
\/\//\\//\\/\/\/\/\/\/../\.\/\//\/\/\\/\/.\//\/\/\
../\\/..\/./\./\./\.../\\/./\..\/\/\/.../\..\/\/\/
/\\//\./\/\\/.\/.\//\.\/./\\/./\./\./\/\\/./\.../\
\/..\/.\/\/.../\/\.\/../\\/./\\/.\/.\/\/...\//\.\/
./\/\./\./\/\.\/\//\/\.\//\.\//\../\/\/\/\./\\/...
.\/\/.\/.\/\/./\/\\/\//\.\//\.\//\\/\/\/\/.\//\./\
..../\./\/\...\/\/./\.\/./\\/./\\/./\..../\/\\/.\/
/\/\\/.\/\//\/\/\/\\/./\.\/./\\/./\\/./\.\/\//\./\
\/\/.......\/\/\/\/...\/../\\//\.\/...\/./\/\\/.\/
./\/\/\./\/\/\/\/\../\/\/\\/..\//\./\./\.\/\/./\..
.\/\/\/.\/\/\/\/\//\\/\/\/./\./\\/.\/.\//\....\//\
...../\./\/\../\/\\/./\../\\/.\/./\/\/\.\/./\/\.\/
/\./\\/.\/\//\\/\/...\//\\//\....\/\/\//\/\\/\/./\
\/.\//\/\./\\/..../\...\/..\//\/\/\/\/\\/\//\/\.\/
./\..\/\/.\/./\./\\/./\./\...\/\/\/\/\/./\.\/\/...
.\//\/\/\/\/\\/.\/./\\/.\/./\/\/\/\.../\\/../\/\/\
./\\/\/\/\/\//\/\/\\/.../\.\/\/\/\/./\\//\/\\/\/\/
.\/../\/\/\..\/\/\/./\/\\//\/\./\/\.\//\\/\//\/\..
.../\\/\/\//\/\./\/\\/\//\\/\/.\/\//\.\/../\\/\//\
/\.\//\....\/\/.\/\//\/\\/./\./\...\//\./\\/../\\/
\/./\\/./\./\.../\..\/\/./\\/.\//\/\.\/.\/./\.\/..
/\.\//\.\/.\/./\\/./\....\/./\/\\/\//\.....\/./\/\
\/./\\//\.../\\/...\/./\../\\/\/./\.\/./\./\..\/\/
./\\/..\//\.\/./\/\/\.\//\\/./\..\//\/\\/.\//\....
.\//\./\.\/....\/\/\/./\\/...\//\/\\/\/.../\\//\/\
/\.\/.\/../\/\/\/\../\\/./\./\.\/\/./\/\/\\/..\/\/
\/./\../\.\/\/\/\//\\//\.\/.\/..../\\/\/\//\./\./\
./\\//\\/..../\/\.\/..\/....../\/\\/./\/\.\/.\/.\/
.\/..\/./\/\.\/\//\/\../\/\./\\/\//\.\/\/./\/\/\..
.../\...\/\/./\..\/\//\\/\/.\//\..\/./\/\.\/\/\//\
./\\/./\./\..\/./\./\\/../\...\/./\..\/\/.../\..\/
.\//\.\/.\/./\/\\/.\/./\.\//\./\.\/./\./\/\.\//\/\
...\//\.....\/\/.../\.\/./\\/.\/....\/.\/\//\.\/\/
/\/\.\/./\./\/\/\/\\//\/\\/.../\./\/\/\/\/\\/.../\
\/\/../\\/.\/\/\/\/..\/\/../\.\/.\/\/\/\/\/./\/\\/
.../\.\/./\/\/\/\./\/\../\.\/....../\./\/\/\\/\/..
/\.\//\/\\/\/\/\/.\/\//\\//\/\/\./\\/.\/\/\//\/\/\
\/...\/\/..../\/\/\/\.\//\\/\/\/.\/.../\../\\/\/\/
/\./\./\/\/\.\/\/\/\/...\/./\/\/\/\/\.\//\\//\./\.
\/.\/.\/\/\/../\.../\/\./\.\/\/\/\/\//\.\//\\/.\/.
/\../\./\.../\\/./\\/\/.\/...../\/\..\//\.\/./\/\.
\//\\/.\//\.\//\.\//\/\.../\/\.\/\/./\.\/../\\/\/.
..\//\/\.\/...\//\.\/\/./\\/\/......\//\./\\//\./\
./\.\/\/./\/\/\.\//\/\/\\/./\/\/\./\/\\/.\//\\/.\/
.\/......\/\/\/...\/\/\/...\/\/\/.\/\/.....\/.....
Case #22:
./\...../\/\/\../\/\/\/\.../\/\./\/\..
.\/./\/\\/\/\//\\/\/\/\//\.\/\/.\/\//\
/\/\\/\/./\/\.\//\/\../\\/.../\/\/\.\/
\/\/./\..\/\//\.\/\//\\//\./\\/\/\//\.
./\/\\//\....\/../\.\/..\/.\/..../\\/.
.\/\/..\/./\./\/\\/.../\./\./\/\.\/...
/\/\./\...\/.\/\/.../\\/.\/.\/\/./\/\.
\/\/.\//\/\/\./\/\/\\/.../\/\....\/\/.
../\./\\/\/\/.\/\/\/.../\\/\//\/\/\/\.
/\\/.\/../\./\/\/\.../\\/....\/\/\/\/.
\//\.../\\/.\/\/\/./\\/./\./\/\/\/\./\
..\//\.\/....../\/\\/./\\/.\/\/\/\/.\/
/\..\/../\/\/\.\/\/./\\//\...../\/\./\
\/./\/\.\/\/\//\/\/\\//\\/./\/\\/\/.\/
...\/\/./\/\..\/\/\/..\//\.\/\/.../\/\
./\.../\\/\/./\./\/\/\/\\/..../\/\\/\/
.\/./\\/.../\\/.\/\/\/\/./\/\.\/\/../\
/\..\/./\/\\/../\.../\./\\/\//\.../\\/
\//\/\.\/\//\/\\/./\\/.\//\..\/./\\//\
..\/\/./\/\\/\/...\/./\..\/./\/\\//\\/
./\./\.\/\/./\./\/\..\/./\/\\/\/..\//\
.\/.\/./\/\.\/.\/\/./\..\/\/./\/\...\/
/\.../\\/\/./\/\./\.\//\/\./\\/\//\/\.
\/./\\/.../\\/\/.\//\.\/\/.\/./\.\/\/.
./\\/./\/\\/../\/\.\//\../\/\.\//\....
.\/...\/\/./\.\/\//\.\//\\/\/...\//\/\
.../\/\/\/\\/./\..\//\.\/./\/\/\/\\/\/
/\.\/\/\/\/...\//\/\\//\/\\/\/\/\/../\
\//\/\...../\/\.\/\//\\/\/./\../\./\\/
/\\/\/./\/\\/\//\/\.\//\/\.\//\\/.\//\
\/.../\\/\/....\/\/...\/\/./\\/./\..\/
/\./\\/./\/\./\/\/\/\./\./\\//\.\/./\.
\/.\/...\/\/.\/\/\/\/.\/.\/..\/....\/.
Case #23:
/\/\./\/\/\/\./\/\./\/\/\/\/\/\/\./\/\/\/\/\/\/\
\/\/.\/\/\/\/.\/\/.\/\/\/\/\/\/\/.\/\/\/\/\/\/\/
/\/\./\/\/\/\/\./\/\./\/\./\/\/\/\./\/\./\/\/\..
\/\/.\/\/\/\/\/.\/\/.\/\/.\/\/\/\/.\/\/.\/\/\/..
/\../\/\./\/\./\/\/\./\/\/\/\/\./\/\/\/\/\/\/\/\
\//\\/\/.\/\/.\/\/\/.\/\/\/\/\/.\/\/\/\/\/\/\/\/
/\\//\/\/\/\/\/\/\/\/\/\./\./\./\/\./\./\/\/\./\
\/..\/\/\/\/\/\/\/\/\/\/.\/.\/.\/\/.\/.\/\/\/.\/
../\/\/\/\/\./\/\./\/\/\./\/\./\/\./\/\./\/\/\..
/\\/\/\/\/\/.\/\/.\/\/\/.\/\/.\/\/.\/\/.\/\/\/..
\/....../\/\/\/\/\/\/\/\/\./\/\./\./\/\./\/\/\/\
/\/\/\/\\/\/\/\/\/\/\/\/\/.\/\/.\/.\/\/.\/\/\/\/
\/\/\/\/../\/\/\/\/\/\./\/\/\/\./\/\/\./\/\/\./\
/\/\/\/\/\\/\/\/\/\/\/.\/\/\/\/.\/\/\/.\/\/\/.\/
\/\/\/\/\//\/\/\/\/\/\/\/\./\/\./\/\/\./\./\./\.
../\/\....\/\/\/\/\/\/\/\/.\/\/.\/\/\/.\/.\/.\/.
/\\/\//\/\/\/\/\/\/\./\/\./\/\/\/\/\./\./\/\/\..
\//\/\\/\/\/\/\/\/\/.\/\/.\/\/\/\/\/.\/.\/\/\/..
/\\/\//\/\/\/\/\/\/\/\/\/\/\./\/\/\/\/\./\./\/\.
\//\..\/\/\/\/\/\/\/\/\/\/\/.\/\/\/\/\/.\/.\/\/.
..\//\/\../\/\../\../\/\/\/\./\/\/\/\/\./\/\./\.
/\/\\/\//\\/\//\\//\\/\/\/\/.\/\/\/\/\/.\/\/.\/.
\/\//\/\\//\/\\//\\//\/\./\./\./\/\/\./\/\/\/\/\
/\/\\/\//\\/\//\\//\\/\/.\/.\/.\/\/\/.\/\/\/\/\/
\/\//\/\\//\/\\//\\//\../\/\/\/\./\/\/\./\/\/\/\
/\/\\/\//\\/\/..\/..\//\\/\/\/\/.\/\/\/.\/\/\/\/
\/\//\/\\/../\/\../\/\\/../\/\/\/\./\/\./\/\/\/\
/\/\\/\//\/\\/\//\\/\/../\\/\/\/\/.\/\/.\/\/\/\/
\/\/....\/\/....\/......\/......................
Case #24:
Impossible
Case #25:
/\/\/\../\/\.../\/\./\/\......../\/\.../\..
\/\/\//\\/\//\.\/\/.\/\/./\/\./\\/\/./\\//\
/\....\/../\\/.../\/\/\..\/\/.\//\...\/..\/
\/./\./\/\\/./\/\\/\/\/./\/\/\/\\//\./\./\.
/\.\/.\/\/...\/\//\.....\/\/\/\/..\/.\/.\/.
\//\./\/\./\./\/\\//\/\./\/\/\./\/\.../\./\
/\\/.\/\/.\/.\/\//\\/\/.\/\/\/.\/\//\.\/.\/
\/.../\/\........\/....../\/\/\../\\/./\...
../\.\/\/./\./\./\/\/\/\.\/\/\//\\/...\/./\
/\\/../\/\\/.\/.\/\/\/\/./\../\\//\/\/\/\\/
\/./\.\/\/../\./\/\..../\\//\\//\\/\/\/\/..
/\.\/../\./\\/.\/\/./\.\//\\/..\//\..../\/\
\//\/\.\/.\/........\/./\\/./\/\.\//\/\\/\/
/\\/\/......./\/\/\/\/\\/...\/\/./\\/\/./\.
\/..../\/\./\\/\/\/\/\/.../\.....\//\./\\/.
/\./\.\/\/.\/.../\/\/\/\/\\//\/\/\.\/.\/./\
\/.\/./\./\./\/\\/\/\/\/\/..\/\/\/...../\\/
/\/\/\\/.\/.\/\//\./\/\../\/\/\./\./\/\\//\
\/\/\/./\/\/\./\\/.\/\//\\/\/\/.\/.\/\/..\/
/\./\/\\/\/\/.\/..../\.\//\./\./\..../\/\/\
\/.\/\/../\./\/\/\/\\/...\/.\/.\//\/\\/\/\/
/\./\./\.\/.\/\/\/\//\/\/\./\/\/\\/\/..../\
\/.\/.\/./\.../\/\/\\/\/\/.\/\/\//\./\/\.\/
/\/\../\.\//\.\/\/\/..../\/\../\.\/.\/\/...
\/\//\\//\.\//\/\./\./\.\/\//\\//\..../\./\
/\/\\//\\//\.\/\/.\/.\/../\.\/..\/./\.\/.\/
\/\//\\//\\//\.../\/\./\.\//\/\/\..\//\../\
./\.\//\\/..\//\.\/\/.\/./\\/\/\//\/\\//\\/
.\//\.\/.../\.\/.../\/\/\\/./\./\\/\//\\/..
/\.\/../\/\\/../\/\\/\/\/./\\/.\//\/\\/../\
\//\./\\/\//\/\\/\//\/\/\.\//\./\\/\/./\.\/
/\\/.\/./\.\/\//\/\\/\/\//\.\/.\/./\..\/./\
\/..../\\/.....\/\/......\/../\/\.\//\...\/
./\/\.\//\/\./\/\./\/\/\/\/\.\/\/./\\//\...
.\/\//\.\/\/.\/\/.\/\/\/\/\/.../\.\//\\//\.
/\/\.\/./\..../\/\/\./\/\/\/\/\\/...\/..\/.
\/\/../\\//\/\\/\/\/.\/\/\/\/\/./\/\/\/\...
.../\.\//\\/\//\./\/\..../\.../\\/\/\/\//\.
./\\/./\\//\/\\/.\/\//\/\\//\.\//\./\/\.\/.
.\/...\/..\/\/.......\/\/..\/...\/.\/\/....
Case #26:
Impossible
Case #27:
Impossible
Case #28:
/\...../\./\/\/\/\../\./\./\./\........../\/\.
\//\./\\/.\/\/\/\//\\/.\/.\/.\/./\./\/\/\\/\/.
/\\/.\//\/\/\.....\/..../\../\/\\/.\/\/\//\./\
\/../\.\/\/\/./\./\./\/\\//\\/\//\./\....\/.\/
/\/\\//\......\/.\/.\/\/..\/....\/.\//\/\/\/\.
\/\/..\//\./\./\/\/\../\/\/\/\/\/\/\.\/\/\/\/.
/\./\/\.\/.\/.\/\/\//\\/\/\/\/\/\/\//\./\/\...
\/.\/\//\...../\/\..\/./\/\/\./\./\.\/.\/\//\.
.......\/./\/\\/\/./\..\/\/\/.\/.\/../\/\/\\/.
/\./\/\...\/\//\...\//\..../\/\.../\.\/\/\/./\
\/.\/\//\/\./\\/./\/\\/./\.\/\//\.\/./\.../\\/
./\./\.\/\/.\//\.\/\//\.\/.../\\/./\.\//\.\/..
.\/.\/..../\..\/.....\//\./\.\//\.\/./\\/./\/\
/\/\/\/\/\\/./\/\/\/\/\\/.\/./\\//\/\\/./\\/\/
\/\/\/\/\/...\/\/\/\/\/.../\.\//\\/\/...\/....
.../\./\../\./\..../\/\/\.\/...\//\/\./\./\./\
./\\/.\//\\/.\//\/\\/\/\/./\/\/\.\/\/.\/.\/.\/
.\//\...\/.../\\/\/...../\\/\/\//\./\/\/\/\./\
./\\/./\/\./\\/...../\/\\//\./\.\/.\/\/\/\/.\/
.\/./\\/\/.\/./\./\.\/\//\\/.\//\./\/\/\/\/\..
/\/\\/./\/\/\.\/.\/./\/\\/./\/\\/.\/\/\/\/\//\
\/\//\.\/\/\//\/\./\\/\/...\/\/./\./\/\./\/\\/
./\.\//\../\.\/\/.\/./\./\/\/\..\/.\/\/.\/\//\
.\/...\//\\/../\/\/\.\/.\/\/\//\./\/\../\...\/
/\../\/\\/./\.\/\/\//\./\./\..\/.\/\//\\//\/\.
\//\\/\/...\/...../\\/.\/.\//\/\./\..\//\\/\/.
/\\/.../\./\./\/\.\//\......\/\/.\//\..\/./\/\
\//\/\.\/.\/.\/\/./\\//\./\/\/\./\.\/./\/\\/\/
/\\/\/./\...../\/\\//\\/.\/\/\/.\/./\.\/\//\..
\//\./\\//\./\\/\//\\/....../\/\...\//\...\//\
/\\/.\//\\/.\/....\//\./\/\.\/\//\/\.\/./\/\\/
\/./\/\\//\./\/\/\..\/.\/\/.....\/\//\..\/\//\
/\.\/\//\\/.\/\/\/./\./\/\/\./\/\./\\/./\...\/
\//\...\/..../\../\\/.\/\/\/.\/\/.\/...\//\...
/\\/./\/\./\.\//\\//\./\/\/\/\..../\./\..\/./\
\/./\\/\/.\//\.\//\\/.\/\/\/\/./\.\/.\//\...\/
./\\//\.../\\/./\\/./\.../\/\..\/......\/./\/\
.\//\\//\.\//\.\/...\//\.\/\/./\/\/\/\....\/\/
./\\/..\/./\\//\/\/\..\/../\/\\/\/\/\/./\./\/\
.\/./\....\//\\/\/\/./\./\\/\//\.../\/\\/.\/\/
./\.\/./\/\.\/./\./\.\/.\//\/\\//\.\/\/...../\
.\/....\/\//\/\\/.\/./\/\.\/\/..\//\/\/\./\.\/
/\/\/\./\/\\/\//\/\/\\/\/./\./\...\/\/\/.\//\.
\/\/\/.\/\//\/\\/\/\/../\.\/.\//\...../\...\/.
./\/\/\/\/\\/\/./\/\/\.\//\/\/\\//\./\\/./\./\
.\/\/\/\/\/.....\/\/\/...\/\/\/..\/.\/...\/.\/
Case #29:
Impossible
Case #30:
/\/\/\/\/\/\/\/\/\/\/\/\/\/\/\/\./\/\/\/\/\/\..
\/\/\/\/\/\/\/\/\/\/\/\/\/\/\/\/.\/\/\/\/\/\/..
/\/\/\./\/\./\/\/\./\/\./\/\/\/\/\/\/\./\./\./\
\/\/\/.\/\/.\/\/\/.\/\/.\/\/\/\/\/\/\/.\/.\/.\/
/\/\/\/\./\./\./\/\/\/\/\/\/\/\/\/\./\/\/\./\/\
\/\/\/\/.\/.\/.\/\/\/\/\/\/\/\/\/\/.\/\/\/.\/\/
....../\./\/\/\/\./\./\./\./\/\./\/\./\./\/\/\.
/\/\/\\/.\/\/\/\/.\/.\/.\/.\/\/.\/\/.\/.\/\/\/.
\/\/\/../\/\./\./\./\./\/\./\/\/\/\/\./\./\./\.
/\/\/\/\\/\/.\/.\/.\/.\/\/.\/\/\/\/\/.\/.\/.\/.
\/\/\/\/../\./\./\./\./\/\/\/\/\/\./\/\/\/\/\/\
/\/\..../\\/.\/.\/.\/.\/\/\/\/\/\/.\/\/\/\/\/\/
\/\//\/\\//\/\/\/\/\/\./\/\./\/\/\./\/\./\./\..
/\/\\/\/..\/\/\/\/\/\/.\/\/.\/\/\/.\/\/.\/.\/..
\/\//\/\/\/\../\/\/\/\/\/\/\/\./\/\./\./\/\/\/\
/\..\/\/\/\//\\/\/\/\/\/\/\/\/.\/\/.\/.\/\/\/\/
\//\/\..../\\/../\/\/\./\/\/\./\./\/\/\/\./\/\.
/\\/\//\/\\//\/\\/\/\/.\/\/\/.\/.\/\/\/\/.\/\/.
\/../\\/\//\\/\/../\./\/\/\/\/\./\/\./\/\/\./\.
../\\//\/\\//\/\/\\/.\/\/\/\/\/.\/\/.\/\/\/.\/.
/\\//\\/\//\\/\/\//\/\/\./\/\/\./\./\/\/\/\./\.
\//\\//\..\/../\..\/\/\/.\/\/\/.\/.\/\/\/\/.\/.
/\\//\\//\/\/\\//\../\/\/\/\./\./\./\/\/\/\./\.
\//\\/..\/\/\//\\//\\/\/\/\/.\/.\/.\/\/\/\/.\/.
/\\/../\/\/\..\//\\//\../\/\./\/\/\./\./\./\/\.
\/../\\/\/\//\/\\//\\//\\/\/.\/\/\/.\/.\/.\/\/.
/\/\\//\../\\/\//\\//\\//\/\/\./\./\./\/\/\/\..
\/\//\\//\\/../\\//\\//\\/\/\/.\/.\/.\/\/\/\/..
/\/\\/..\//\/\\//\\//\\/../\/\/\/\/\./\./\/\/\.
\/\//\/\/\\/\//\\//\\/../\\/\/\/\/\/.\/.\/\/\/.
/\/\\/\/\//\/\\//\\//\/\\//\/\/\/\/\./\/\./\/\.
\/\//\/\..\/\//\\//\\/\//\\/\/\/\/\/.\/\/.\/\/.
/\..\/\//\....\//\\//\/\\//\../\/\/\/\/\./\./\.
\//\/\..\//\/\/\\/..\/\//\\//\\/\/\/\/\/.\/.\/.
/\\/\//\..\/\/\//\/\/\/\\//\\//\/\/\./\/\./\/\.
\//\/\\//\../\/\\/\/\/\//\\/..\/\/\/.\/\/.\/\/.
..\/\//\\//\\/\//\/\../\\//\/\/\/\/\/\/\/\/\/\.
/\/\/\\//\\//\..\/\//\\//\\/\/\/\/\/\/\/\/\/\/.
\/\/\//\\/..\//\../\\//\\//\/\/\/\/\/\/\./\/\/\
/\/\..\//\/\..\//\\//\\/..\/\/\/\/\/\/\/.\/\/\/
\/\//\/\\/\//\..\//\\//\/\..../\/\/\..../\/\./\
/\/\\/\/....\//\..\//\\/\//\/\\/\/\//\/\\/\/.\/
\/\/..........\/....\/....\/\/......\/\/.......
Case #31:
Impossible
Case #32:
./\/\/\./\./\./\/\.../\./\/\/\/\
.\/\/\/.\/.\/.\/\/./\\/.\/\/\/\/
./\..../\./\/\./\/\\/...........
.\/./\.\/.\/\/.\/\/./\/\/\./\./\
../\\//\./\../\/\./\\/\/\/.\/.\/
/\\/..\/.\//\\/\/.\/./\/\/\/\/\.
\/.../\/\/\\/./\.../\\/\/\/\/\/.
/\/\.\/\/\//\.\//\.\/.../\./\/\.
\/\//\.../\\/...\/./\/\.\/.\/\/.
/\..\/./\\//\/\/\..\/\//\./\/\/\
\/./\/\\/..\/\/\//\....\/.\/\/\/
./\\/\/.../\./\..\/./\/\../\/\/\
.\/.../\/\\/.\//\/\.\/\//\\/\/\/
./\/\.\/\/./\/\\/\/.../\\/.../\.
.\/\/./\...\/\//\/\/\.\/./\/\\/.
......\/./\/\/\\/\/\//\/\\/\/...
./\/\../\\/\/\//\./\.\/\//\.../\
.\/\//\\//\/\..\/.\//\...\/./\\/
.../\\/..\/\//\../\.\//\/\..\//\
./\\/./\./\/\\//\\/./\\/\//\/\\/
.\/./\\/.\/\/..\/./\\//\/\\/\/..
/\..\/.../\/\./\..\/..\/\//\/\/\
\/./\/\/\\/\/.\//\./\./\..\/\/\/
...\/\/\//\.....\/.\/.\//\../\/\
/\/\/\./\\//\/\./\/\/\/\\//\\/\/
\/\/\/.\/..\/\/.\/\/\/\/..\/....
Case #33:
Impossible
Case #34:
Impossible
Case #35:
Impossible
Case #36:
......./\./\/\........./\/\
./\./\.\/.\/\//\/\/\/\.\/\/
.\/.\/./\/\...\/\/\/\/./\/\
/\./\/\\/\//\./\/\/\...\/\/
\/.\/\/./\.\/.\/\/\/./\/\/\
/\/\/\/\\/....../\/\.\/\/\/
\/\/\/\//\/\./\.\/\//\/\./\
./\/\/\.\/\/.\/./\..\/\/.\/
.\/\/\//\/\/\...\/./\..../\
/\/\/\.\/\/\//\....\//\/\\/
\/\/\/./\/\..\/./\...\/\//\
..../\.\/\/./\..\/./\....\/
./\.\/..../\\/./\/\\//\/\..
.\/.../\/\\/...\/\/..\/\//\
/\./\.\/\/.../\..../\/\..\/
\/.\//\/\/\/\\/./\.\/\//\/\
/\...\/\/\/\/...\//\/\.\/\/
\//\./\.../\./\/\.\/\/../\.
..\/.\/./\\/.\/\//\/\./\\/.
/\/\../\\/..../\.\/\/.\/...
\/\//\\/../\/\\//\./\/\/\/\
/\..\/../\\/\//\\/.\/\/\/\/
\//\/\/\\//\/\\/./\./\/\...
..\/\/\//\\/\/./\\/.\/\/./\
./\/\/\.\//\...\/./\.....\/
.\/\/\//\.\//\../\\//\/\...
.../\/\\/...\//\\//\\/\/./\
./\\/\//\/\...\/..\/./\..\/
.\//\/\\/\//\..../\..\//\/\
...\/\//\..\/./\.\/./\.\/\/
/\/\/\.\//\...\//\..\//\/\.
\/\/\/./\\/./\/\\/./\.\/\/.
.......\/./\\/\//\.\//\/\/\
./\./\./\.\/./\.\//\.\/\/\/
.\/.\/.\/....\/...\//\/\./\
../\./\/\/\./\../\/\\/\/.\/
/\\/.\/\/\/.\//\\/\//\/\/\.
\/./\/\./\/\/\\/./\.\/\/\/.
/\.\/\/.\/\/\//\.\//\/\....
\/.../\/\/\./\\//\.\/\/./\.
./\/\\/\/\/.\//\\//\....\/.
.\/\/../\./\..\//\\/./\/\..
/\./\/\\/.\//\/\\/...\/\//\
\/.\/\//\...\/\/.../\....\/
/\/\/\.\//\../\./\.\/./\./\
\/\/\//\.\//\\/.\/./\.\/.\/
......\/...\/......\/......
Case #37:
Impossible
Case #38:
/\/\/\......./\...../\/\./\.../\../\
\/\/\/./\./\.\//\/\.\/\/.\/./\\//\\/
/\/\...\/.\/./\\/\//\.../\..\//\\/..
\/\//\/\.....\/....\//\.\/./\.\/./\.
....\/\//\/\./\/\/\/\\//\..\/....\/.
/\./\/\.\/\/.\/\/\/\/..\//\/\/\./\/\
\/.\/\/../\/\./\./\/\/\/\\/\/\/.\/\/
/\../\./\\/\/.\/.\/\/\/\/./\.../\./\
\//\\/.\/...../\/\/\/\/\/\\/./\\/.\/
/\\/./\/\./\/\\/\/\/\/\/\/./\\//\...
\//\.\/\/.\/\/./\/\../\../\\/..\/./\
..\/./\/\/\/\/\\/\//\\//\\//\/\./\\/
./\/\\/\/\/\/\/....\/..\//\\/\/.\//\
.\/\/./\./\/\/\/\/\./\...\/...../\\/
......\/.\/\/\/\/\/.\/./\/\/\/\.\//\
./\./\../\../\./\./\...\/\/\/\//\.\/
.\/.\//\\//\\/.\/.\/./\./\/\/\.\/./\
/\/\/\\//\\//\/\/\...\/.\/\/\//\..\/
\/\/\//\\/..\/\/\/./\..../\...\/./\.
./\...\//\./\/\/\/\\//\/\\//\/\..\/.
.\/./\..\/.\/\/\/\//\\/\//\\/\/./\/\
....\/./\/\/\./\./\\/....\/../\.\/\/
/\/\/\.\/\/\/.\/.\/../\/\/\/\\/../\.
\/\/\//\/\/\.../\../\\/\/\/\//\/\\/.
......\/\/\/./\\//\\/./\/\...\/\/...
./\/\./\../\.\//\\/./\\/\/./\/\./\/\
.\/\/.\//\\//\.\/./\\/../\.\/\/.\/\/
./\/\/\.\/..\//\/\\/./\.\//\..../\/\
.\/\/\/./\/\/\\/\/./\\/...\/./\.\/\/
.../\./\\/\/\/./\/\\//\/\/\/\\/.....
/\.\/.\/./\....\/\/..\/\/\/\/./\/\/\
\//\.....\/./\/\/\/\/\/\./\./\\/\/\/
/\\/./\./\/\\/\/\/\/\/\/.\/.\/./\./\
\//\.\/.\/\/../\.../\./\../\...\/.\/
/\\/../\.../\.\//\.\/.\//\\/./\.....
\//\/\\/./\\//\.\/./\./\\//\.\//\/\.
..\/\/...\/..\/....\/.\/..\/...\/\/.
Case #39:
Impossible
Case #40:
/\/\/\/\./\/\/\/\../\./\../\.........../\/\../\/\
\/\/\/\/.\/\/\/\//\\/.\//\\//\/\/\/\./\\/\//\\/\/
.../\/\./\/\/\/\.\/.../\\/..\/\/\/\/.\/../\\//\/\
./\\/\/.\/\/\/\//\../\\/./\./\../\...../\\/..\/\/
.\/.../\../\/\/\\//\\/...\/.\//\\//\./\\/./\/\./\
/\../\\//\\/\/\/..\/./\/\/\/\.\//\\/.\/...\/\/.\/
\//\\/..\//\/\./\./\.\/\/\/\/...\//\/\./\/\/\/\/\
/\\//\./\.\/\/.\/.\//\/\./\./\/\..\/\/.\/\/\/\/\/
\/..\/.\//\../\.../\\/\/.\/.\/\/./\/\/\./\../\/\.
./\..../\\//\\/./\\//\..../\/\./\\/\/\/.\//\\/\/.
.\//\/\\/..\/./\\/..\//\/\\/\/.\/../\/\/\.\/./\/\
/\.\/\//\/\/\.\/./\/\.\/\//\.../\/\\/\/\//\..\/\/
\/../\.\/\/\//\/\\/\//\...\/./\\/\/.../\.\//\....
./\.\//\/\/\.\/\//\..\/./\...\//\/\/\.\/./\\//\/\
.\/...\/\/\//\/\.\//\...\//\/\.\/\/\//\/\\/..\/\/
/\/\/\/\/\/\\/\/...\//\/\.\/\/./\....\/\//\/\/\/\
\/\/\/\/\/\/..../\/\.\/\/......\/./\/\...\/\/\/\/
/\/\/\/\./\/\./\\/\//\/\/\/\/\./\.\/\//\/\/\.....
\/\/\/\/.\/\/.\/./\.\/\/\/\/\/.\//\./\\/\/\/./\/\
./\/\/\/\..../\..\//\/\/\....../\\/.\/./\/\/\\/\/
.\/\/\/\/./\.\/./\.\/\/\/./\./\\/......\/\/\/./\.
../\/\../\\/../\\//\/\/\/\\/.\/../\./\/\./\/\.\/.
/\\/\//\\/../\\/..\/\/\/\/./\./\.\/.\/\/.\/\/../\
\/../\\/./\.\//\/\./\/\/\..\/.\/....../\/\/\./\\/
/\/\\/...\//\.\/\/.\/\/\//\..../\/\./\\/\/\/.\/..
\/\/.../\..\/.../\.../\/\\/./\.\/\/.\//\/\...../\
/\/\/\.\//\./\/\\//\.\/\//\.\/./\/\/\.\/\//\/\.\/
\/\/\/...\/.\/\/..\/./\/\\/../\\/\/\//\./\\/\/./\
./\/\./\/\/\/\../\./\\/\/../\\/..../\\/.\/.....\/
.\/\/.\/\/\/\//\\/.\/..../\\/./\/\.\/.../\/\/\/\.
.../\/\/\./\/\\//\/\/\/\.\//\.\/\/..../\\/\/\/\/.
/\.\/\/\/.\/\//\\/\/\/\/./\\//\/\/\./\\/./\./\/\.
\//\/\../\./\.\//\./\/\..\//\\/\/\/.\/./\\/.\/\/.
..\/\//\\/.\/./\\/.\/\/./\.\//\./\/\./\\//\/\./\.
/\/\/\\/./\./\\/.../\/\.\//\.\/.\/\/.\//\\/\/.\/.
\/\/\/./\\/.\//\/\.\/\//\.\/./\./\/\...\/../\/\/\
/\./\/\\//\/\.\/\//\...\/../\\/.\/\//\./\/\\/\/\/
\/.\/\/..\/\//\/\.\//\/\./\\/./\../\\/.\/\/./\...
...../\/\/\/\\/\//\.\/\/.\//\.\//\\/./\./\..\//\.
/\/\.\/\/\/\/./\.\//\/\../\\//\.\/...\/.\//\/\\/.
\/\/..../\/\/\\/./\\/\//\\/..\/..../\.....\/\/./\
../\/\/\\/\/\/...\/../\\/.../\/\/\.\//\/\..../\\/
/\\/\/\/./\/\./\./\/\\/../\.\/\/\/...\/\//\/\\//\
\/..../\.\/\/.\/.\/\/./\.\//\/\../\/\/\/\\/\/..\/
./\./\\/..............\/...\/\//\\/\/\/\/.../\/\.
.\/.\//\./\/\/\./\/\/\.../\./\.\/........./\\/\/.
/\....\/.\/\/\/.\/\/\//\.\/.\/../\/\/\./\.\/.../\
\/./\.../\../\/\/\....\/./\.../\\/\/\/.\//\/\/\\/
/\.\/./\\//\\/\/\/./\./\.\//\.\/./\/\/\/\\/\/\//\
\/....\/..\/.......\/.\/...\/....\/\/\/\/......\/
Case #41:
Impossible
Case #42:
Impossible
Case #43:
Impossible
Case #44:
..../\/\/\./\/\/\.../\/\./\.....
/\/\\/\/\/.\/\/\/./\\/\/.\//\./\
\/\/../\../\/\/\/\\//\./\..\/.\/
/\/\/\\//\\/\/\/\/..\/.\//\../\.
\/\/\//\\/./\/\/\./\/\/\.\//\\/.
./\./\\/./\\/\/\/.\/\/\//\.\/./\
.\/.\/...\//\/\/\/\/\/\.\/./\.\/
../\/\./\..\/\/\/\/\/\/../\\/./\
/\\/\/.\//\./\/\/\..../\.\//\.\/
\/.......\/.\/\/\/./\.\/...\//\.
../\/\/\/\/\./\....\/./\./\/\\/.
/\\/\/\/\/\/.\/./\../\\/.\/\/...
\/.../\./\./\...\//\\/../\../\/\
/\/\.\/.\/.\//\/\.\//\/\\//\\/\/
\/\/.../\./\.\/\//\.\/\//\\/./\.
../\/\.\/.\/../\.\//\/\.\/./\\/.
/\\/\/../\./\.\/...\/\/./\.\/...
\/./\/\.\/.\/..../\/\...\//\../\
...\/\/./\./\/\/\\/\/./\/\\//\\/
/\/\../\\/.\/\/\//\/\.\/\/..\//\
\/\//\\//\/\/\./\\/\//\/\/\...\/
/\/\\/..\/\/\/.\//\/\\/\/\//\/\.
\/\//\./\./\/\/\.\/\/./\./\\/\/.
../\\/.\/.\/\/\/./\/\.\/.\//\/\.
/\\//\/\../\../\.\/\/......\/\/.
\//\\/\//\\//\\/../\/\/\/\./\./\
..\/....\//\\//\/\\/\/\/\/.\/.\/
./\/\/\/\.\//\\/\/./\../\...../\
.\/\/\/\//\.\/.....\//\\/./\/\\/
/\/\./\/\\/.../\/\./\\/...\/\//\
\/\/.\/\/./\/\\/\/.\//\./\./\.\/
../\/\./\.\/\/../\...\/.\/.\/./\
/\\/\/.\/../\./\\//\./\.../\/\\/
\/.../\/\/\\/.\//\\/.\/./\\/\//\
./\/\\/\/\/./\/\\//\/\/\\//\/\\/
.\/\/.......\/\/..\/\/\/..\/\/..
Case #45:
Impossible
Case #46:
Impossible
Case #47:
/\......./\/\/\/\./\/\......../\.....
\//\./\/\\/\/\/\/.\/\/./\/\./\\//\./\
/\\/.\/\/../\./\/\./\..\/\/.\//\\/.\/
\//\./\../\\/.\/\/.\//\/\./\/\\/./\..
..\/.\//\\//\/\/\./\.\/\/.\/\//\.\//\
/\/\./\\//\\/\/\/.\/.../\./\..\//\.\/
\/\/.\/..\/...../\/\/\.\/.\//\..\/./\
./\./\./\./\./\.\/\/\/./\/\.\//\./\\/
.\/.\/.\/.\/.\/./\/\/\.\/\/...\/.\//\
/\./\/\/\...../\\/\/\/./\/\./\.../\\/
\/.\/\/\/./\/\\/./\./\.\/\/.\//\.\/..
./\/\/\...\/\/./\\/.\//\/\/\/\\//\/\.
.\/\/\//\./\/\.\/../\.\/\/\/\/..\/\/.
..../\.\/.\/\//\/\.\/./\./\..../\/\..
./\.\/....../\\/\/....\/.\/./\.\/\//\
.\/../\./\/\\/..../\/\/\./\.\//\/\.\/
.../\\/.\/\//\/\/\\/\/\/.\/...\/\/./\
./\\//\/\/\.\/\/\/.../\/\.../\/\...\/
.\/..\/\/\/.../\/\./\\/\/./\\/\//\./\
/\../\/\/\/\/\\/\/.\/./\/\\/./\.\/.\/
\//\\/\/\/\/\/./\../\.\/\//\.\/./\/\.
/\\//\/\/\.....\//\\//\/\.\//\/\\/\/.
\/..\/\/\//\./\..\/..\/\/./\\/\/./\/\
./\/\/\/\.\/.\/./\/\/\....\//\./\\/\/
.\/\/\/\//\/\/\.\/\/\/./\./\\/.\//\..
./\......\/\/\/........\/.\/.....\//\
.\/./\./\/\.../\/\./\/\/\/\/\/\./\.\/
../\\/.\/\/./\\/\/.\/\/\/\/\/\/.\/./\
/\\/../\....\/.../\.../\../\/\/\...\/
\/./\.\/./\..../\\//\.\//\\/\/\//\...
...\/../\\/./\.\//\\/./\\//\....\/./\
/\.../\\/./\\/...\/./\\//\\//\./\..\/
\/./\\/./\\/./\./\..\/..\//\\/.\//\/\
/\.\/...\/./\\/.\/./\./\..\/.....\/\/
\//\./\/\..\/../\/\\/.\//\/\/\./\/\/\
..\/.\/\//\../\\/\/../\.\/\/\/.\/\/\/
/\.......\//\\/./\/\.\/..../\...../\.
\//\/\./\..\/./\\/\/./\./\.\//\/\.\/.
/\\/\/.\/./\..\//\/\.\/.\/./\\/\/../\
\//\..../\\//\/\\/\/./\/\..\/..../\\/
/\\/./\.\//\\/\/../\.\/\//\/\./\.\//\
\/./\\//\.\//\/\/\\/./\..\/\/.\/...\/
/\.\/..\/...\/\/\/...\//\../\/\/\./\.
\//\/\..../\.../\./\...\//\\/\/\/.\/.
/\\/\//\/\\/./\\/.\//\...\/./\..../\.
\/./\.\/\//\.\//\./\\/./\./\\/./\.\/.
...\/.....\/...\/.\/...\/.\/...\/....
Case #48:
/\./\/\/\./\/\./\./\/\/\./\.
\/.\/\/\/.\/\/.\/.\/\/\/.\/.
../\/\/\/\/\/\/\./\/\./\/\/\
/\\/\/\/\/\/\/\/.\/\/.\/\/\/
\/../\/\/\/\/\./\./\/\./\./\
/\/\\/\/\/\/\/.\/.\/\/.\/.\/
\/\/../\/\./\./\./\/\/\/\/\.
/\../\\/\/.\/.\/.\/\/\/\/\/.
\//\\/../\/\./\/\/\/\./\/\..
..\/../\\/\/.\/\/\/\/.\/\/..
/\/\/\\//\/\/\./\/\/\/\./\/\
\/\/\/..\/\/\/.\/\/\/\/.\/\/
/\/\../\/\/\/\./\/\/\/\/\/\.
\/\//\\/\/\/\/.\/\/\/\/\/\/.
/\/\\//\../\/\/\/\/\/\/\/\/\
\/\//\\//\\/\/\/\/\/\/\/\/\/
../\\//\\/..../\/\/\/\/\/\/\
/\\//\\//\/\/\\/\/\/\/\/\/\/
\/..\//\\/\/\//\/\/\/\/\/\..
../\..\//\....\/\/\/\/\/\/..
/\\//\/\\//\/\..../\/\./\./\
\//\\/\//\\/\//\/\\/\/.\/.\/
/\\/....\/../\\/\//\../\/\/\
\//\/\/\/\/\\/../\\//\\/\/\/
..\/\/\/\/\//\/\\//\\//\/\..
/\/\/\../\..\/\/..\//\\/\/..
\/\/\//\\//\../\/\/\\//\../\
/\....\//\\//\\/\/\//\\//\\/
\//\/\..\/..\//\/\/\\//\\//\
..\/\//\/\/\/\\/\/\/..\//\\/
/\....\/\/\/\/../\../\/\\//\
\//\/\/\..../\/\\//\\/\//\\/
/\\/\/\//\/\\/\//\\//\/\\//\
\/../\..\/\/../\\/..\/\//\\/
../\\//\/\/\/\\/../\../\\//\
/\\//\\/\/\/\//\/\\//\\//\\/
\//\\//\../\..\/\//\\//\\/..
/\\//\\//\\//\/\..\//\\//\/\
\//\\//\\//\\/\//\..\//\\/\/
..\//\\//\\//\/\\//\..\/../\
/\..\//\\/..\/\//\\//\/\/\\/
\//\/\\/../\/\/\\//\\/\/\//\
/\\/\//\/\\/\/\//\\//\/\/\\/
\//\..\/\//\....\//\\/\/\//\
..\/......\/......\/......\/
Case #49:
/\/\.../\../\./\./\/\.../\/\.........
\/\/./\\//\\/.\/.\/\//\.\/\/./\/\./\.
/\/\.\//\\/./\../\...\//\/\/\\/\/.\/.
\/\//\.\/...\//\\//\/\.\/\/\//\/\....
/\/\\/./\/\./\\//\\/\/...../\\/\//\/\
\/\//\.\/\/.\//\\/./\../\/\\/....\/\/
....\//\/\....\//\.\//\\/\//\./\.../\
/\/\/\\/\/./\...\/./\\/./\.\/.\//\.\/
\/\/\/.....\/./\...\/./\\//\/\/\\/./\
../\.../\/\/\.\/./\/\.\//\\/\/\/...\/
/\\/./\\/\/\/./\.\/\/./\\/./\/\/\/\/\
\/./\\//\/\/\.\//\../\\//\.\/\/\/\/\/
./\\/..\/\/\/...\//\\//\\/./\...../\.
.\/../\./\/\./\...\/..\/./\\//\/\.\/.
./\/\\/.\/\/.\//\/\/\/\/\\/..\/\/./\.
.\/\//\/\/\....\/\/\/\/\/./\/\/\/\\/.
.../\\/\/\/./\./\/\/\/\...\/\/\/\/./\
./\\/.../\/\\/.\/\/\/\/./\..../\/\.\/
.\/./\/\\/\/./\.........\/./\.\/\/./\
./\.\/\/.....\//\./\./\/\/\\/./\./\\/
.\/....../\/\/\\/.\/.\/\/\//\.\/.\/..
/\/\/\./\\/\/\//\/\/\./\/\.\/../\/\/\
\/\/\/.\//\/\/\\/\/\/.\/\/.../\\/\/\/
/\/\./\/\\/\/\//\./\/\./\./\.\//\/\/\
\/\/.\/\/......\/.\/\/.\/.\/...\/\/\/
Case #50:
/\./\./\/\./\/\/\/\/\/\/\/\/\./\/\
\/.\/.\/\/.\/\/\/\/\/\/\/\/\/.\/\/
../\./\./\/\/\/\/\./\./\/\./\/\/\.
/\\/.\/.\/\/\/\/\/.\/.\/\/.\/\/\/.
\//\/\/\/\/\/\/\/\/\/\/\./\/\/\/\.
/\\/\/\/\/\/\/\/\/\/\/\/.\/\/\/\/.
\/../\/\/\/\/\/\/\/\./\/\/\/\/\/\.
/\/\\/\/\/\/\/\/\/\/.\/\/\/\/\/\/.
\/\//\/\/\/\/\/\/\/\/\./\./\/\/\/\
../\\/\/\/\/\/\/\/\/\/.\/.\/\/\/\/
/\\/../\../\/\./\/\/\/\./\/\/\/\/\
\/../\\//\\/\/.\/\/\/\/.\/\/\/\/\/
/\/\\/..\//\/\./\/\/\/\/\/\/\/\/\.
\/\/../\/\\/\/.\/\/\/\/\/\/\/\/\/.
../\/\\/\/..../\./\./\./\/\/\/\/\.
/\\/\//\../\/\\/.\/.\/.\/\/\/\/\/.
\//\/\\//\\/\//\/\/\./\/\./\./\./\
/\\/\/..\//\/\\/\/\/.\/\/.\/.\/.\/
\/../\/\/\\/\/../\/\./\/\/\./\/\..
/\/\\/\/\//\/\/\\/\/.\/\/\/.\/\/..
\/\//\/\..\/\/\/../\/\/\/\/\/\./\.
/\/\\/\//\/\/\/\/\\/\/\/\/\/\/.\/.
\/\//\/\\/\/\/\/\//\/\/\./\/\./\..
/\..\/\//\/\/\../\\/\/\/.\/\/.\/..
\//\/\..\/\/\//\\/../\../\/\/\/\..
/\\/\//\/\/\..\/../\\//\\/\/\/\/..
\//\/\\/\/\//\/\/\\/..\/../\./\/\.
..\/\/......\/\/\/........\/.\/\/.
