Case 1: 1
2
3
5
6
7
9
10
11
13
14
15
17
18
19
21
22
26
30
33
34
35
38
39
42
45
49
51
55
57
63
65
66
70
77
78
85
90
91
95
98
99
102
105
110
114
117
119
126
130
133
143
147
153
154
165
170
171
182
187
190
195
198
209
210
221
231
234
238
245
247
255
266
273
285
286
294
306
315
323
330
342
357
374
385
390
399
418
429
441
442
455
462
490
494
495
510
539
546
561
570
585
595
627
630
637
646
663
665
693
714
715
735
741
765
770
798
819
833
855
858
882
910
931
935
969
990
1001
1045
1071
1078
1105
1122
1155
1170
1190
1197
1235
1254
1274
1287
1309
1326
1330
1365
1386
1430
1463
1470
1482
1530
1547
1615
1617
1638
1666
1683
1710
1729
1785
1862
1870
1881
1911
1938
1989
1995
2002
2090
2142
2145
2205
2210
2223
2261
2310
2394
2431
2470
2499
2574
2618
2695
2717
2730
2793
2805
2907
2926
3003
3094
3135
3185
3230
3234
3315
3366
3458
3465
3553
3570
3705
3762
3822
3927
3978
3990
4095
4165
4199
4290
4389
4410
4446
4522
4641
4655
4845
4851
4862
4998
5005
5187
5355
5390
5434
5586
5610
5733
5814
5985
6006
6270
6370
6435
6545
6630
6783
6930
7007
7106
7293
7315
7410
7497
7735
7854
8085
8151
8190
8330
8379
8398
8415
8645
8778
9009
9163
9282
9310
9405
9555
9690
9702
9945
10010
10241
10374
10659
10710
10829
11115
11305
11466
11781
11970
12103
12155
12495
12597
12870
13090
13167
13566
13585
13923
13965
14014
14535
14586
14630
14994
15015
15470
15561
15827
16170
16302
16758
16830
17017
17290
17765
18018
18326
18810
19019
19110
19635
19890
20349
20482
20995
21021
21318
21658
21879
21945
22230
22610
23205
23562
24206
24255
24310
24453
24871
24990
25194
25935
26334
27170
27489
27846
27930
28665
29070
29393
30030
30723
31122
31654
31977
32487
33915
34034
35035
35530
36309
36465
37485
37791
38038
39270
40698
40755
41895
41990
42042
43758
43890
45045
45815
46189
46410
47481
48510
48906
49742
51051
51205
51870
53295
54145
54978
57057
57330
58786
58905
60515
61446
62985
63063
63954
64974
65835
67830
69615
70070
72618
72930
74613
74970
75582
77805
79135
81510
82467
83790
85085
88179
90090
91630
92169
92378
94962
95095
97461
101745
102102
102410
105105
106590
108290
108927
109395
114114
117810
119119
121030
122265
124355
125970
126126
131670
133133
137445
138567
139230
142443
146965
149226
153153
153615
155610
158270
159885
162435
164934
170170
171171
174097
176358
181545
184338
188955
190190
194922
203490
205751
210210
217854
218790
223839
230945
237405
238238
244530
248710
255255
264537
266266
274890
277134
284886
285285
293930
306306
307230
315315
319770
323323
324870
342342
348194
357357
363090
373065
377910
399399
411502
412335
415701
440895
447678
460845
461890
474810
487305
510510
522291
529074
544635
570570
595595
630630
646646
665665
692835
712215
714714
746130
765765
798798
824670
831402
855855
881790
921690
969969
974610
1072071
1089270
1119195
1191190
1322685
1331330
1385670
1531530
1616615
1711710
1786785
1939938
1996995
2078505
2238390
2645370
2909907
3233230
3573570
4157010
4849845
5819814
9699690
14549535
29099070
0
