0: ===================
2.00 3.00 
1: ===================
1.26 
2: ===================

0.25
0: ===================
1.41 3.00 
1: ===================
2.24 
2: ===================

impossible
0: ===================
4.47 6.40 8.25 8.54 15.52 22.20 24.00 
1: ===================
4.95 5.66 3.00 12.21 17.00 19.24 
2: ===================
0.00 3.16 6.08 13.34 15.00 
3: ===================
5.00 4.12 12.08 13.15 
4: ===================
5.00 6.32 8.06 
5: ===================
3.61 3.16 
6: ===================
2.03 
7: ===================

impossible
